[DF]2019-03-16 10:46:33,617[INFO] org.springframework.test.context.support.AbstractTestContextBootstrapper.getDefaultTestExecutionListenerClassNames(260) - Loaded default TestExecutionListener class names from location [META-INF/spring.factories]: [org.springframework.test.context.web.ServletTestExecutionListener, org.springframework.test.context.support.DirtiesContextBeforeModesTestExecutionListener, org.springframework.test.context.support.DependencyInjectionTestExecutionListener, org.springframework.test.context.support.DirtiesContextTestExecutionListener, org.springframework.test.context.transaction.TransactionalTestExecutionListener, org.springframework.test.context.jdbc.SqlScriptsTestExecutionListener];
[DF]2019-03-16 10:46:33,647[INFO] org.springframework.test.context.support.AbstractTestContextBootstrapper.getTestExecutionListeners(187) - Using TestExecutionListeners: [org.springframework.test.context.web.ServletTestExecutionListener@7ce3cb8e, org.springframework.test.context.support.DirtiesContextBeforeModesTestExecutionListener@78b66d36, org.springframework.test.context.support.DependencyInjectionTestExecutionListener@5223e5ee, org.springframework.test.context.support.DirtiesContextTestExecutionListener@bef2d72, org.springframework.test.context.transaction.TransactionalTestExecutionListener@69b2283a, org.springframework.test.context.jdbc.SqlScriptsTestExecutionListener@22a637e7];
[DF]2019-03-16 10:46:33,762[INFO] org.springframework.beans.factory.xml.XmlBeanDefinitionReader.loadBeanDefinitions(317) - Loading XML bean definitions from class path resource [applicationContext.xml];
[DF]2019-03-16 10:46:34,215[INFO] org.springframework.beans.factory.xml.XmlBeanDefinitionReader.loadBeanDefinitions(317) - Loading XML bean definitions from class path resource [spring-httpclient.xml];
[DF]2019-03-16 10:46:34,242[INFO] org.springframework.beans.factory.xml.XmlBeanDefinitionReader.loadBeanDefinitions(317) - Loading XML bean definitions from class path resource [spring-quartz.xml];
[DF]2019-03-16 10:46:34,257[INFO] org.springframework.beans.factory.xml.XmlBeanDefinitionReader.loadBeanDefinitions(317) - Loading XML bean definitions from class path resource [spring-jedis.xml];
[DF]2019-03-16 10:46:34,275[INFO] org.springframework.context.support.AbstractApplicationContext.prepareRefresh(582) - Refreshing org.springframework.context.support.GenericApplicationContext@5af3afd9: startup date [Sat Mar 16 10:46:34 CST 2019]; root of context hierarchy;
[DF]2019-03-16 10:46:34,536[INFO] org.springframework.core.io.support.PropertiesLoaderSupport.loadProperties(172) - Loading properties file from class path resource [jdbc.properties];
[DF]2019-03-16 10:46:37,039[INFO] org.springframework.orm.hibernate5.HibernateTransactionManager.afterPropertiesSet(357) - Using DataSource [org.apache.commons.dbcp.BasicDataSource@60dce7ea] of Hibernate SessionFactory for HibernateTransactionManager;
[DF]2019-03-16 10:46:37,265[INFO] org.springframework.web.servlet.handler.AbstractHandlerMethodMapping$MappingRegistry.register(543) - Mapped "{[/api/bitkanBTC]}" onto public java.util.Map<java.lang.String, java.lang.Object> com.ads.controller.ApiController.bikanBtc();
[DF]2019-03-16 10:46:37,266[INFO] org.springframework.web.servlet.handler.AbstractHandlerMethodMapping$MappingRegistry.register(543) - Mapped "{[/api/sinaForex]}" onto public java.util.Map<java.lang.String, java.lang.Object> com.ads.controller.ApiController.sinaforex();
[DF]2019-03-16 10:46:37,268[INFO] org.springframework.web.servlet.handler.AbstractHandlerMethodMapping$MappingRegistry.register(543) - Mapped "{[/captcha/send]}" onto public java.util.Map<java.lang.String, java.lang.Object> com.ads.controller.CaptchaController.sendCaptcha(java.lang.String);
[DF]2019-03-16 10:46:37,270[INFO] org.springframework.web.servlet.handler.AbstractHandlerMethodMapping$MappingRegistry.register(543) - Mapped "{[/login]}" onto public java.util.Map<java.lang.String, java.lang.Object> com.ads.controller.LoginController.login(javax.servlet.http.HttpServletRequest,javax.servlet.http.HttpServletResponse);
[DF]2019-03-16 10:46:37,271[INFO] org.springframework.web.servlet.handler.AbstractHandlerMethodMapping$MappingRegistry.register(543) - Mapped "{[/]}" onto public org.springframework.web.servlet.ModelAndView com.ads.controller.LoginController.login(javax.servlet.http.HttpServletRequest,javax.servlet.http.HttpServletResponse,javax.servlet.http.HttpSession);
[DF]2019-03-16 10:46:37,272[INFO] org.springframework.web.servlet.handler.AbstractHandlerMethodMapping$MappingRegistry.register(543) - Mapped "{[/resetPwd]}" onto public java.util.Map com.ads.controller.LoginController.resetPwd(java.lang.String,java.lang.String);
[DF]2019-03-16 10:46:37,272[INFO] org.springframework.web.servlet.handler.AbstractHandlerMethodMapping$MappingRegistry.register(543) - Mapped "{[/resetPwd/sendCaptcha]}" onto public java.util.Map<java.lang.String, java.lang.Object> com.ads.controller.LoginController.sendCaptchaForResetPwd(java.lang.String);
[DF]2019-03-16 10:46:37,276[INFO] org.springframework.web.servlet.handler.AbstractHandlerMethodMapping$MappingRegistry.register(543) - Mapped "{[/register/sendCaptcha]}" onto public java.util.Map<java.lang.String, java.lang.Object> com.ads.controller.RegisterController.sendCaptcha(java.lang.String);
[DF]2019-03-16 10:46:37,277[INFO] org.springframework.web.servlet.handler.AbstractHandlerMethodMapping$MappingRegistry.register(543) - Mapped "{[/register/submit]}" onto public java.util.Map<java.lang.String, java.lang.Object> com.ads.controller.RegisterController.submit(com.ads.entity.LoginInfo,java.lang.String,javax.servlet.http.HttpServletRequest,javax.servlet.http.HttpServletResponse);
[DF]2019-03-16 10:46:37,278[INFO] org.springframework.web.servlet.handler.AbstractHandlerMethodMapping$MappingRegistry.register(543) - Mapped "{[/register/validateCaptcha]}" onto public java.util.Map<java.lang.String, java.lang.Object> com.ads.controller.RegisterController.validateCaptcha(java.lang.String,java.lang.String);
[DF]2019-03-16 10:46:37,672[INFO] org.springframework.web.servlet.mvc.method.annotation.RequestMappingHandlerAdapter.initControllerAdviceCache(534) - Looking for @ControllerAdvice: org.springframework.context.support.GenericApplicationContext@5af3afd9: startup date [Sat Mar 16 10:46:34 CST 2019]; root of context hierarchy;
[DF]2019-03-16 10:46:37,722[INFO] org.springframework.web.servlet.mvc.method.annotation.RequestMappingHandlerAdapter.initControllerAdviceCache(534) - Looking for @ControllerAdvice: org.springframework.context.support.GenericApplicationContext@5af3afd9: startup date [Sat Mar 16 10:46:34 CST 2019]; root of context hierarchy;
[DF]2019-03-16 10:46:38,294[INFO] org.springframework.cache.ehcache.EhCacheManagerFactoryBean.afterPropertiesSet(130) - Initializing EhCache CacheManager;
[DF]2019-03-16 10:46:38,942[INFO] org.quartz.impl.StdSchedulerFactory.instantiate(1208) - Using default implementation for ThreadExecutor;
[DF]2019-03-16 10:46:38,963[INFO] org.quartz.core.SchedulerSignalerImpl.<init>(61) - Initialized Scheduler Signaller of type: class org.quartz.core.SchedulerSignalerImpl;
[DF]2019-03-16 10:46:38,964[INFO] org.quartz.core.QuartzScheduler.<init>(229) - Quartz Scheduler v.2.3.0 created.;
[DF]2019-03-16 10:46:38,965[INFO] org.quartz.simpl.RAMJobStore.initialize(155) - RAMJobStore initialized.;
[DF]2019-03-16 10:46:38,966[INFO] org.quartz.core.QuartzScheduler.initialize(294) - Scheduler meta-data: Quartz Scheduler (v2.3.0) 'org.springframework.scheduling.quartz.SchedulerFactoryBean#0' with instanceId 'NON_CLUSTERED'
  Scheduler class: 'org.quartz.core.QuartzScheduler' - running locally.
  NOT STARTED.
  Currently in standby mode.
  Number of jobs executed: 0
  Using thread pool 'org.quartz.simpl.SimpleThreadPool' - with 10 threads.
  Using job-store 'org.quartz.simpl.RAMJobStore' - which does not support persistence. and is not clustered.
;
[DF]2019-03-16 10:46:38,966[INFO] org.quartz.impl.StdSchedulerFactory.instantiate(1362) - Quartz scheduler 'org.springframework.scheduling.quartz.SchedulerFactoryBean#0' initialized from an externally provided properties instance.;
[DF]2019-03-16 10:46:38,966[INFO] org.quartz.impl.StdSchedulerFactory.instantiate(1366) - Quartz scheduler version: 2.3.0;
[DF]2019-03-16 10:46:38,967[INFO] org.quartz.core.QuartzScheduler.setJobFactory(2287) - JobFactory set to: com.ads.datatask.task.QuartzJobFactory@29bbc63c;
[DF]2019-03-16 10:46:39,026[INFO] org.springframework.context.support.DefaultLifecycleProcessor$LifecycleGroup.start(341) - Starting beans in phase 2147483647;
[DF]2019-03-16 10:46:39,026[INFO] org.springframework.scheduling.quartz.SchedulerFactoryBean.startScheduler(647) - Starting Quartz Scheduler now;
[DF]2019-03-16 10:46:39,026[INFO] org.quartz.core.QuartzScheduler.start(547) - Scheduler org.springframework.scheduling.quartz.SchedulerFactoryBean#0_$_NON_CLUSTERED started.;
[DF]2019-03-16 10:46:41,260[INFO] org.springframework.context.support.AbstractApplicationContext.doClose(987) - Closing org.springframework.context.support.GenericApplicationContext@5af3afd9: startup date [Sat Mar 16 10:46:34 CST 2019]; root of context hierarchy;
[DF]2019-03-16 10:46:41,268[INFO] org.springframework.context.support.DefaultLifecycleProcessor$LifecycleGroup.stop(356) - Stopping beans in phase 2147483647;
[DF]2019-03-16 10:46:41,269[INFO] org.quartz.core.QuartzScheduler.standby(585) - Scheduler org.springframework.scheduling.quartz.SchedulerFactoryBean#0_$_NON_CLUSTERED paused.;
[DF]2019-03-16 10:46:41,270[INFO] org.springframework.scheduling.quartz.SchedulerFactoryBean.destroy(767) - Shutting down Quartz Scheduler;
[DF]2019-03-16 10:46:41,270[INFO] org.quartz.core.QuartzScheduler.shutdown(666) - Scheduler org.springframework.scheduling.quartz.SchedulerFactoryBean#0_$_NON_CLUSTERED shutting down.;
[DF]2019-03-16 10:46:41,270[INFO] org.quartz.core.QuartzScheduler.standby(585) - Scheduler org.springframework.scheduling.quartz.SchedulerFactoryBean#0_$_NON_CLUSTERED paused.;
[DF]2019-03-16 10:46:41,270[INFO] org.quartz.core.QuartzScheduler.shutdown(740) - Scheduler org.springframework.scheduling.quartz.SchedulerFactoryBean#0_$_NON_CLUSTERED shutdown complete.;
[DF]2019-03-16 10:46:41,273[INFO] org.springframework.cache.ehcache.EhCacheManagerFactoryBean.destroy(187) - Shutting down EhCache CacheManager;
[DF]2019-03-16 10:46:53,944[INFO] org.springframework.test.context.support.AbstractTestContextBootstrapper.getDefaultTestExecutionListenerClassNames(260) - Loaded default TestExecutionListener class names from location [META-INF/spring.factories]: [org.springframework.test.context.web.ServletTestExecutionListener, org.springframework.test.context.support.DirtiesContextBeforeModesTestExecutionListener, org.springframework.test.context.support.DependencyInjectionTestExecutionListener, org.springframework.test.context.support.DirtiesContextTestExecutionListener, org.springframework.test.context.transaction.TransactionalTestExecutionListener, org.springframework.test.context.jdbc.SqlScriptsTestExecutionListener];
[DF]2019-03-16 10:46:53,968[INFO] org.springframework.test.context.support.AbstractTestContextBootstrapper.getTestExecutionListeners(187) - Using TestExecutionListeners: [org.springframework.test.context.web.ServletTestExecutionListener@7ce3cb8e, org.springframework.test.context.support.DirtiesContextBeforeModesTestExecutionListener@78b66d36, org.springframework.test.context.support.DependencyInjectionTestExecutionListener@5223e5ee, org.springframework.test.context.support.DirtiesContextTestExecutionListener@bef2d72, org.springframework.test.context.transaction.TransactionalTestExecutionListener@69b2283a, org.springframework.test.context.jdbc.SqlScriptsTestExecutionListener@22a637e7];
[DF]2019-03-16 10:46:54,064[INFO] org.springframework.beans.factory.xml.XmlBeanDefinitionReader.loadBeanDefinitions(317) - Loading XML bean definitions from class path resource [applicationContext.xml];
[DF]2019-03-16 10:46:54,485[INFO] org.springframework.beans.factory.xml.XmlBeanDefinitionReader.loadBeanDefinitions(317) - Loading XML bean definitions from class path resource [spring-httpclient.xml];
[DF]2019-03-16 10:46:54,533[INFO] org.springframework.beans.factory.xml.XmlBeanDefinitionReader.loadBeanDefinitions(317) - Loading XML bean definitions from class path resource [spring-quartz.xml];
[DF]2019-03-16 10:46:54,559[INFO] org.springframework.beans.factory.xml.XmlBeanDefinitionReader.loadBeanDefinitions(317) - Loading XML bean definitions from class path resource [spring-jedis.xml];
[DF]2019-03-16 10:46:54,589[INFO] org.springframework.context.support.AbstractApplicationContext.prepareRefresh(582) - Refreshing org.springframework.context.support.GenericApplicationContext@5af3afd9: startup date [Sat Mar 16 10:46:54 CST 2019]; root of context hierarchy;
[DF]2019-03-16 10:46:54,906[INFO] org.springframework.core.io.support.PropertiesLoaderSupport.loadProperties(172) - Loading properties file from class path resource [jdbc.properties];
[DF]2019-03-16 10:46:57,175[INFO] org.springframework.orm.hibernate5.HibernateTransactionManager.afterPropertiesSet(357) - Using DataSource [org.apache.commons.dbcp.BasicDataSource@60dce7ea] of Hibernate SessionFactory for HibernateTransactionManager;
[DF]2019-03-16 10:46:57,371[INFO] org.springframework.web.servlet.handler.AbstractHandlerMethodMapping$MappingRegistry.register(543) - Mapped "{[/api/bitkanBTC]}" onto public java.util.Map<java.lang.String, java.lang.Object> com.ads.controller.ApiController.bikanBtc();
[DF]2019-03-16 10:46:57,373[INFO] org.springframework.web.servlet.handler.AbstractHandlerMethodMapping$MappingRegistry.register(543) - Mapped "{[/api/sinaForex]}" onto public java.util.Map<java.lang.String, java.lang.Object> com.ads.controller.ApiController.sinaforex();
[DF]2019-03-16 10:46:57,374[INFO] org.springframework.web.servlet.handler.AbstractHandlerMethodMapping$MappingRegistry.register(543) - Mapped "{[/captcha/send]}" onto public java.util.Map<java.lang.String, java.lang.Object> com.ads.controller.CaptchaController.sendCaptcha(java.lang.String);
[DF]2019-03-16 10:46:57,377[INFO] org.springframework.web.servlet.handler.AbstractHandlerMethodMapping$MappingRegistry.register(543) - Mapped "{[/login]}" onto public java.util.Map<java.lang.String, java.lang.Object> com.ads.controller.LoginController.login(javax.servlet.http.HttpServletRequest,javax.servlet.http.HttpServletResponse);
[DF]2019-03-16 10:46:57,378[INFO] org.springframework.web.servlet.handler.AbstractHandlerMethodMapping$MappingRegistry.register(543) - Mapped "{[/]}" onto public org.springframework.web.servlet.ModelAndView com.ads.controller.LoginController.login(javax.servlet.http.HttpServletRequest,javax.servlet.http.HttpServletResponse,javax.servlet.http.HttpSession);
[DF]2019-03-16 10:46:57,379[INFO] org.springframework.web.servlet.handler.AbstractHandlerMethodMapping$MappingRegistry.register(543) - Mapped "{[/resetPwd]}" onto public java.util.Map com.ads.controller.LoginController.resetPwd(java.lang.String,java.lang.String);
[DF]2019-03-16 10:46:57,379[INFO] org.springframework.web.servlet.handler.AbstractHandlerMethodMapping$MappingRegistry.register(543) - Mapped "{[/resetPwd/sendCaptcha]}" onto public java.util.Map<java.lang.String, java.lang.Object> com.ads.controller.LoginController.sendCaptchaForResetPwd(java.lang.String);
[DF]2019-03-16 10:46:57,383[INFO] org.springframework.web.servlet.handler.AbstractHandlerMethodMapping$MappingRegistry.register(543) - Mapped "{[/register/sendCaptcha]}" onto public java.util.Map<java.lang.String, java.lang.Object> com.ads.controller.RegisterController.sendCaptcha(java.lang.String);
[DF]2019-03-16 10:46:57,384[INFO] org.springframework.web.servlet.handler.AbstractHandlerMethodMapping$MappingRegistry.register(543) - Mapped "{[/register/submit]}" onto public java.util.Map<java.lang.String, java.lang.Object> com.ads.controller.RegisterController.submit(com.ads.entity.LoginInfo,java.lang.String,javax.servlet.http.HttpServletRequest,javax.servlet.http.HttpServletResponse);
[DF]2019-03-16 10:46:57,385[INFO] org.springframework.web.servlet.handler.AbstractHandlerMethodMapping$MappingRegistry.register(543) - Mapped "{[/register/validateCaptcha]}" onto public java.util.Map<java.lang.String, java.lang.Object> com.ads.controller.RegisterController.validateCaptcha(java.lang.String,java.lang.String);
[DF]2019-03-16 10:46:57,740[INFO] org.springframework.web.servlet.mvc.method.annotation.RequestMappingHandlerAdapter.initControllerAdviceCache(534) - Looking for @ControllerAdvice: org.springframework.context.support.GenericApplicationContext@5af3afd9: startup date [Sat Mar 16 10:46:54 CST 2019]; root of context hierarchy;
[DF]2019-03-16 10:46:57,826[INFO] org.springframework.web.servlet.mvc.method.annotation.RequestMappingHandlerAdapter.initControllerAdviceCache(534) - Looking for @ControllerAdvice: org.springframework.context.support.GenericApplicationContext@5af3afd9: startup date [Sat Mar 16 10:46:54 CST 2019]; root of context hierarchy;
[DF]2019-03-16 10:46:58,299[INFO] org.springframework.cache.ehcache.EhCacheManagerFactoryBean.afterPropertiesSet(130) - Initializing EhCache CacheManager;
[DF]2019-03-16 10:46:58,900[INFO] org.quartz.impl.StdSchedulerFactory.instantiate(1208) - Using default implementation for ThreadExecutor;
[DF]2019-03-16 10:46:58,916[INFO] org.quartz.core.SchedulerSignalerImpl.<init>(61) - Initialized Scheduler Signaller of type: class org.quartz.core.SchedulerSignalerImpl;
[DF]2019-03-16 10:46:58,917[INFO] org.quartz.core.QuartzScheduler.<init>(229) - Quartz Scheduler v.2.3.0 created.;
[DF]2019-03-16 10:46:58,918[INFO] org.quartz.simpl.RAMJobStore.initialize(155) - RAMJobStore initialized.;
[DF]2019-03-16 10:46:58,919[INFO] org.quartz.core.QuartzScheduler.initialize(294) - Scheduler meta-data: Quartz Scheduler (v2.3.0) 'org.springframework.scheduling.quartz.SchedulerFactoryBean#0' with instanceId 'NON_CLUSTERED'
  Scheduler class: 'org.quartz.core.QuartzScheduler' - running locally.
  NOT STARTED.
  Currently in standby mode.
  Number of jobs executed: 0
  Using thread pool 'org.quartz.simpl.SimpleThreadPool' - with 10 threads.
  Using job-store 'org.quartz.simpl.RAMJobStore' - which does not support persistence. and is not clustered.
;
[DF]2019-03-16 10:46:58,919[INFO] org.quartz.impl.StdSchedulerFactory.instantiate(1362) - Quartz scheduler 'org.springframework.scheduling.quartz.SchedulerFactoryBean#0' initialized from an externally provided properties instance.;
[DF]2019-03-16 10:46:58,919[INFO] org.quartz.impl.StdSchedulerFactory.instantiate(1366) - Quartz scheduler version: 2.3.0;
[DF]2019-03-16 10:46:58,919[INFO] org.quartz.core.QuartzScheduler.setJobFactory(2287) - JobFactory set to: com.ads.datatask.task.QuartzJobFactory@68e2d03e;
[DF]2019-03-16 10:46:58,982[INFO] org.springframework.context.support.DefaultLifecycleProcessor$LifecycleGroup.start(341) - Starting beans in phase 2147483647;
[DF]2019-03-16 10:46:58,982[INFO] org.springframework.scheduling.quartz.SchedulerFactoryBean.startScheduler(647) - Starting Quartz Scheduler now;
[DF]2019-03-16 10:46:58,983[INFO] org.quartz.core.QuartzScheduler.start(547) - Scheduler org.springframework.scheduling.quartz.SchedulerFactoryBean#0_$_NON_CLUSTERED started.;
[DF]2019-03-16 10:47:21,805[INFO] org.springframework.context.support.AbstractApplicationContext.doClose(987) - Closing org.springframework.context.support.GenericApplicationContext@5af3afd9: startup date [Sat Mar 16 10:46:54 CST 2019]; root of context hierarchy;
[DF]2019-03-16 10:47:21,806[INFO] org.springframework.context.support.DefaultLifecycleProcessor$LifecycleGroup.stop(356) - Stopping beans in phase 2147483647;
[DF]2019-03-16 10:47:21,808[INFO] org.quartz.core.QuartzScheduler.standby(585) - Scheduler org.springframework.scheduling.quartz.SchedulerFactoryBean#0_$_NON_CLUSTERED paused.;
[DF]2019-03-16 10:47:21,809[INFO] org.springframework.scheduling.quartz.SchedulerFactoryBean.destroy(767) - Shutting down Quartz Scheduler;
[DF]2019-03-16 10:47:21,810[INFO] org.quartz.core.QuartzScheduler.shutdown(666) - Scheduler org.springframework.scheduling.quartz.SchedulerFactoryBean#0_$_NON_CLUSTERED shutting down.;
[DF]2019-03-16 10:47:21,810[INFO] org.quartz.core.QuartzScheduler.standby(585) - Scheduler org.springframework.scheduling.quartz.SchedulerFactoryBean#0_$_NON_CLUSTERED paused.;
[DF]2019-03-16 10:47:21,811[INFO] org.quartz.core.QuartzScheduler.shutdown(740) - Scheduler org.springframework.scheduling.quartz.SchedulerFactoryBean#0_$_NON_CLUSTERED shutdown complete.;
[DF]2019-03-16 10:47:21,815[INFO] org.springframework.cache.ehcache.EhCacheManagerFactoryBean.destroy(187) - Shutting down EhCache CacheManager;
[DF]2019-03-16 10:48:30,381[INFO] org.springframework.test.context.support.AbstractTestContextBootstrapper.getDefaultTestExecutionListenerClassNames(260) - Loaded default TestExecutionListener class names from location [META-INF/spring.factories]: [org.springframework.test.context.web.ServletTestExecutionListener, org.springframework.test.context.support.DirtiesContextBeforeModesTestExecutionListener, org.springframework.test.context.support.DependencyInjectionTestExecutionListener, org.springframework.test.context.support.DirtiesContextTestExecutionListener, org.springframework.test.context.transaction.TransactionalTestExecutionListener, org.springframework.test.context.jdbc.SqlScriptsTestExecutionListener];
[DF]2019-03-16 10:48:30,400[INFO] org.springframework.test.context.support.AbstractTestContextBootstrapper.getTestExecutionListeners(187) - Using TestExecutionListeners: [org.springframework.test.context.web.ServletTestExecutionListener@7ce3cb8e, org.springframework.test.context.support.DirtiesContextBeforeModesTestExecutionListener@78b66d36, org.springframework.test.context.support.DependencyInjectionTestExecutionListener@5223e5ee, org.springframework.test.context.support.DirtiesContextTestExecutionListener@bef2d72, org.springframework.test.context.transaction.TransactionalTestExecutionListener@69b2283a, org.springframework.test.context.jdbc.SqlScriptsTestExecutionListener@22a637e7];
[DF]2019-03-16 10:48:30,485[INFO] org.springframework.beans.factory.xml.XmlBeanDefinitionReader.loadBeanDefinitions(317) - Loading XML bean definitions from class path resource [applicationContext.xml];
[DF]2019-03-16 10:48:30,860[INFO] org.springframework.beans.factory.xml.XmlBeanDefinitionReader.loadBeanDefinitions(317) - Loading XML bean definitions from class path resource [spring-httpclient.xml];
[DF]2019-03-16 10:48:30,900[INFO] org.springframework.beans.factory.xml.XmlBeanDefinitionReader.loadBeanDefinitions(317) - Loading XML bean definitions from class path resource [spring-quartz.xml];
[DF]2019-03-16 10:48:30,924[INFO] org.springframework.beans.factory.xml.XmlBeanDefinitionReader.loadBeanDefinitions(317) - Loading XML bean definitions from class path resource [spring-jedis.xml];
[DF]2019-03-16 10:48:30,949[INFO] org.springframework.context.support.AbstractApplicationContext.prepareRefresh(582) - Refreshing org.springframework.context.support.GenericApplicationContext@5af3afd9: startup date [Sat Mar 16 10:48:30 CST 2019]; root of context hierarchy;
[DF]2019-03-16 10:48:31,252[INFO] org.springframework.core.io.support.PropertiesLoaderSupport.loadProperties(172) - Loading properties file from class path resource [jdbc.properties];
[DF]2019-03-16 10:48:33,358[INFO] org.springframework.orm.hibernate5.HibernateTransactionManager.afterPropertiesSet(357) - Using DataSource [org.apache.commons.dbcp.BasicDataSource@60dce7ea] of Hibernate SessionFactory for HibernateTransactionManager;
[DF]2019-03-16 10:48:33,551[INFO] org.springframework.web.servlet.handler.AbstractHandlerMethodMapping$MappingRegistry.register(543) - Mapped "{[/api/sinaForex]}" onto public java.util.Map<java.lang.String, java.lang.Object> com.ads.controller.ApiController.sinaforex();
[DF]2019-03-16 10:48:33,552[INFO] org.springframework.web.servlet.handler.AbstractHandlerMethodMapping$MappingRegistry.register(543) - Mapped "{[/api/bitkanBTC]}" onto public java.util.Map<java.lang.String, java.lang.Object> com.ads.controller.ApiController.bikanBtc();
[DF]2019-03-16 10:48:33,554[INFO] org.springframework.web.servlet.handler.AbstractHandlerMethodMapping$MappingRegistry.register(543) - Mapped "{[/captcha/send]}" onto public java.util.Map<java.lang.String, java.lang.Object> com.ads.controller.CaptchaController.sendCaptcha(java.lang.String);
[DF]2019-03-16 10:48:33,557[INFO] org.springframework.web.servlet.handler.AbstractHandlerMethodMapping$MappingRegistry.register(543) - Mapped "{[/login]}" onto public java.util.Map<java.lang.String, java.lang.Object> com.ads.controller.LoginController.login(javax.servlet.http.HttpServletRequest,javax.servlet.http.HttpServletResponse);
[DF]2019-03-16 10:48:33,557[INFO] org.springframework.web.servlet.handler.AbstractHandlerMethodMapping$MappingRegistry.register(543) - Mapped "{[/]}" onto public org.springframework.web.servlet.ModelAndView com.ads.controller.LoginController.login(javax.servlet.http.HttpServletRequest,javax.servlet.http.HttpServletResponse,javax.servlet.http.HttpSession);
[DF]2019-03-16 10:48:33,558[INFO] org.springframework.web.servlet.handler.AbstractHandlerMethodMapping$MappingRegistry.register(543) - Mapped "{[/resetPwd]}" onto public java.util.Map com.ads.controller.LoginController.resetPwd(java.lang.String,java.lang.String);
[DF]2019-03-16 10:48:33,558[INFO] org.springframework.web.servlet.handler.AbstractHandlerMethodMapping$MappingRegistry.register(543) - Mapped "{[/resetPwd/sendCaptcha]}" onto public java.util.Map<java.lang.String, java.lang.Object> com.ads.controller.LoginController.sendCaptchaForResetPwd(java.lang.String);
[DF]2019-03-16 10:48:33,562[INFO] org.springframework.web.servlet.handler.AbstractHandlerMethodMapping$MappingRegistry.register(543) - Mapped "{[/register/sendCaptcha]}" onto public java.util.Map<java.lang.String, java.lang.Object> com.ads.controller.RegisterController.sendCaptcha(java.lang.String);
[DF]2019-03-16 10:48:33,563[INFO] org.springframework.web.servlet.handler.AbstractHandlerMethodMapping$MappingRegistry.register(543) - Mapped "{[/register/submit]}" onto public java.util.Map<java.lang.String, java.lang.Object> com.ads.controller.RegisterController.submit(com.ads.entity.LoginInfo,java.lang.String,javax.servlet.http.HttpServletRequest,javax.servlet.http.HttpServletResponse);
[DF]2019-03-16 10:48:33,563[INFO] org.springframework.web.servlet.handler.AbstractHandlerMethodMapping$MappingRegistry.register(543) - Mapped "{[/register/validateCaptcha]}" onto public java.util.Map<java.lang.String, java.lang.Object> com.ads.controller.RegisterController.validateCaptcha(java.lang.String,java.lang.String);
[DF]2019-03-16 10:48:33,906[INFO] org.springframework.web.servlet.mvc.method.annotation.RequestMappingHandlerAdapter.initControllerAdviceCache(534) - Looking for @ControllerAdvice: org.springframework.context.support.GenericApplicationContext@5af3afd9: startup date [Sat Mar 16 10:48:30 CST 2019]; root of context hierarchy;
[DF]2019-03-16 10:48:33,980[INFO] org.springframework.web.servlet.mvc.method.annotation.RequestMappingHandlerAdapter.initControllerAdviceCache(534) - Looking for @ControllerAdvice: org.springframework.context.support.GenericApplicationContext@5af3afd9: startup date [Sat Mar 16 10:48:30 CST 2019]; root of context hierarchy;
[DF]2019-03-16 10:48:34,414[INFO] org.springframework.cache.ehcache.EhCacheManagerFactoryBean.afterPropertiesSet(130) - Initializing EhCache CacheManager;
[DF]2019-03-16 10:48:34,995[INFO] org.quartz.impl.StdSchedulerFactory.instantiate(1208) - Using default implementation for ThreadExecutor;
[DF]2019-03-16 10:48:35,014[INFO] org.quartz.core.SchedulerSignalerImpl.<init>(61) - Initialized Scheduler Signaller of type: class org.quartz.core.SchedulerSignalerImpl;
[DF]2019-03-16 10:48:35,014[INFO] org.quartz.core.QuartzScheduler.<init>(229) - Quartz Scheduler v.2.3.0 created.;
[DF]2019-03-16 10:48:35,016[INFO] org.quartz.simpl.RAMJobStore.initialize(155) - RAMJobStore initialized.;
[DF]2019-03-16 10:48:35,017[INFO] org.quartz.core.QuartzScheduler.initialize(294) - Scheduler meta-data: Quartz Scheduler (v2.3.0) 'org.springframework.scheduling.quartz.SchedulerFactoryBean#0' with instanceId 'NON_CLUSTERED'
  Scheduler class: 'org.quartz.core.QuartzScheduler' - running locally.
  NOT STARTED.
  Currently in standby mode.
  Number of jobs executed: 0
  Using thread pool 'org.quartz.simpl.SimpleThreadPool' - with 10 threads.
  Using job-store 'org.quartz.simpl.RAMJobStore' - which does not support persistence. and is not clustered.
;
[DF]2019-03-16 10:48:35,017[INFO] org.quartz.impl.StdSchedulerFactory.instantiate(1362) - Quartz scheduler 'org.springframework.scheduling.quartz.SchedulerFactoryBean#0' initialized from an externally provided properties instance.;
[DF]2019-03-16 10:48:35,017[INFO] org.quartz.impl.StdSchedulerFactory.instantiate(1366) - Quartz scheduler version: 2.3.0;
[DF]2019-03-16 10:48:35,017[INFO] org.quartz.core.QuartzScheduler.setJobFactory(2287) - JobFactory set to: com.ads.datatask.task.QuartzJobFactory@68e2d03e;
[DF]2019-03-16 10:48:35,090[INFO] org.springframework.context.support.DefaultLifecycleProcessor$LifecycleGroup.start(341) - Starting beans in phase 2147483647;
[DF]2019-03-16 10:48:35,091[INFO] org.springframework.scheduling.quartz.SchedulerFactoryBean.startScheduler(647) - Starting Quartz Scheduler now;
[DF]2019-03-16 10:48:35,091[INFO] org.quartz.core.QuartzScheduler.start(547) - Scheduler org.springframework.scheduling.quartz.SchedulerFactoryBean#0_$_NON_CLUSTERED started.;
[DF]2019-03-16 10:48:37,163[INFO] org.springframework.context.support.AbstractApplicationContext.doClose(987) - Closing org.springframework.context.support.GenericApplicationContext@5af3afd9: startup date [Sat Mar 16 10:48:30 CST 2019]; root of context hierarchy;
[DF]2019-03-16 10:48:37,164[INFO] org.springframework.context.support.DefaultLifecycleProcessor$LifecycleGroup.stop(356) - Stopping beans in phase 2147483647;
[DF]2019-03-16 10:48:37,165[INFO] org.quartz.core.QuartzScheduler.standby(585) - Scheduler org.springframework.scheduling.quartz.SchedulerFactoryBean#0_$_NON_CLUSTERED paused.;
[DF]2019-03-16 10:48:37,166[INFO] org.springframework.scheduling.quartz.SchedulerFactoryBean.destroy(767) - Shutting down Quartz Scheduler;
[DF]2019-03-16 10:48:37,166[INFO] org.quartz.core.QuartzScheduler.shutdown(666) - Scheduler org.springframework.scheduling.quartz.SchedulerFactoryBean#0_$_NON_CLUSTERED shutting down.;
[DF]2019-03-16 10:48:37,167[INFO] org.quartz.core.QuartzScheduler.standby(585) - Scheduler org.springframework.scheduling.quartz.SchedulerFactoryBean#0_$_NON_CLUSTERED paused.;
[DF]2019-03-16 10:48:37,167[INFO] org.quartz.core.QuartzScheduler.shutdown(740) - Scheduler org.springframework.scheduling.quartz.SchedulerFactoryBean#0_$_NON_CLUSTERED shutdown complete.;
[DF]2019-03-16 10:48:37,170[INFO] org.springframework.cache.ehcache.EhCacheManagerFactoryBean.destroy(187) - Shutting down EhCache CacheManager;
[DF]2019-03-16 10:49:07,588[INFO] org.springframework.test.context.support.AbstractTestContextBootstrapper.getDefaultTestExecutionListenerClassNames(260) - Loaded default TestExecutionListener class names from location [META-INF/spring.factories]: [org.springframework.test.context.web.ServletTestExecutionListener, org.springframework.test.context.support.DirtiesContextBeforeModesTestExecutionListener, org.springframework.test.context.support.DependencyInjectionTestExecutionListener, org.springframework.test.context.support.DirtiesContextTestExecutionListener, org.springframework.test.context.transaction.TransactionalTestExecutionListener, org.springframework.test.context.jdbc.SqlScriptsTestExecutionListener];
[DF]2019-03-16 10:49:07,610[INFO] org.springframework.test.context.support.AbstractTestContextBootstrapper.getTestExecutionListeners(187) - Using TestExecutionListeners: [org.springframework.test.context.web.ServletTestExecutionListener@7ce3cb8e, org.springframework.test.context.support.DirtiesContextBeforeModesTestExecutionListener@78b66d36, org.springframework.test.context.support.DependencyInjectionTestExecutionListener@5223e5ee, org.springframework.test.context.support.DirtiesContextTestExecutionListener@bef2d72, org.springframework.test.context.transaction.TransactionalTestExecutionListener@69b2283a, org.springframework.test.context.jdbc.SqlScriptsTestExecutionListener@22a637e7];
[DF]2019-03-16 10:49:07,697[INFO] org.springframework.beans.factory.xml.XmlBeanDefinitionReader.loadBeanDefinitions(317) - Loading XML bean definitions from class path resource [applicationContext.xml];
[DF]2019-03-16 10:49:08,095[INFO] org.springframework.beans.factory.xml.XmlBeanDefinitionReader.loadBeanDefinitions(317) - Loading XML bean definitions from class path resource [spring-httpclient.xml];
[DF]2019-03-16 10:49:08,141[INFO] org.springframework.beans.factory.xml.XmlBeanDefinitionReader.loadBeanDefinitions(317) - Loading XML bean definitions from class path resource [spring-quartz.xml];
[DF]2019-03-16 10:49:08,165[INFO] org.springframework.beans.factory.xml.XmlBeanDefinitionReader.loadBeanDefinitions(317) - Loading XML bean definitions from class path resource [spring-jedis.xml];
[DF]2019-03-16 10:49:08,191[INFO] org.springframework.context.support.AbstractApplicationContext.prepareRefresh(582) - Refreshing org.springframework.context.support.GenericApplicationContext@5af3afd9: startup date [Sat Mar 16 10:49:08 CST 2019]; root of context hierarchy;
[DF]2019-03-16 10:49:08,495[INFO] org.springframework.core.io.support.PropertiesLoaderSupport.loadProperties(172) - Loading properties file from class path resource [jdbc.properties];
[DF]2019-03-16 10:49:10,735[INFO] org.springframework.orm.hibernate5.HibernateTransactionManager.afterPropertiesSet(357) - Using DataSource [org.apache.commons.dbcp.BasicDataSource@60dce7ea] of Hibernate SessionFactory for HibernateTransactionManager;
[DF]2019-03-16 10:49:10,955[INFO] org.springframework.web.servlet.handler.AbstractHandlerMethodMapping$MappingRegistry.register(543) - Mapped "{[/api/sinaForex]}" onto public java.util.Map<java.lang.String, java.lang.Object> com.ads.controller.ApiController.sinaforex();
[DF]2019-03-16 10:49:10,957[INFO] org.springframework.web.servlet.handler.AbstractHandlerMethodMapping$MappingRegistry.register(543) - Mapped "{[/api/bitkanBTC]}" onto public java.util.Map<java.lang.String, java.lang.Object> com.ads.controller.ApiController.bikanBtc();
[DF]2019-03-16 10:49:10,959[INFO] org.springframework.web.servlet.handler.AbstractHandlerMethodMapping$MappingRegistry.register(543) - Mapped "{[/captcha/send]}" onto public java.util.Map<java.lang.String, java.lang.Object> com.ads.controller.CaptchaController.sendCaptcha(java.lang.String);
[DF]2019-03-16 10:49:10,962[INFO] org.springframework.web.servlet.handler.AbstractHandlerMethodMapping$MappingRegistry.register(543) - Mapped "{[/resetPwd]}" onto public java.util.Map com.ads.controller.LoginController.resetPwd(java.lang.String,java.lang.String);
[DF]2019-03-16 10:49:10,963[INFO] org.springframework.web.servlet.handler.AbstractHandlerMethodMapping$MappingRegistry.register(543) - Mapped "{[/login]}" onto public java.util.Map<java.lang.String, java.lang.Object> com.ads.controller.LoginController.login(javax.servlet.http.HttpServletRequest,javax.servlet.http.HttpServletResponse);
[DF]2019-03-16 10:49:10,963[INFO] org.springframework.web.servlet.handler.AbstractHandlerMethodMapping$MappingRegistry.register(543) - Mapped "{[/]}" onto public org.springframework.web.servlet.ModelAndView com.ads.controller.LoginController.login(javax.servlet.http.HttpServletRequest,javax.servlet.http.HttpServletResponse,javax.servlet.http.HttpSession);
[DF]2019-03-16 10:49:10,964[INFO] org.springframework.web.servlet.handler.AbstractHandlerMethodMapping$MappingRegistry.register(543) - Mapped "{[/resetPwd/sendCaptcha]}" onto public java.util.Map<java.lang.String, java.lang.Object> com.ads.controller.LoginController.sendCaptchaForResetPwd(java.lang.String);
[DF]2019-03-16 10:49:10,968[INFO] org.springframework.web.servlet.handler.AbstractHandlerMethodMapping$MappingRegistry.register(543) - Mapped "{[/register/sendCaptcha]}" onto public java.util.Map<java.lang.String, java.lang.Object> com.ads.controller.RegisterController.sendCaptcha(java.lang.String);
[DF]2019-03-16 10:49:10,968[INFO] org.springframework.web.servlet.handler.AbstractHandlerMethodMapping$MappingRegistry.register(543) - Mapped "{[/register/submit]}" onto public java.util.Map<java.lang.String, java.lang.Object> com.ads.controller.RegisterController.submit(com.ads.entity.LoginInfo,java.lang.String,javax.servlet.http.HttpServletRequest,javax.servlet.http.HttpServletResponse);
[DF]2019-03-16 10:49:10,969[INFO] org.springframework.web.servlet.handler.AbstractHandlerMethodMapping$MappingRegistry.register(543) - Mapped "{[/register/validateCaptcha]}" onto public java.util.Map<java.lang.String, java.lang.Object> com.ads.controller.RegisterController.validateCaptcha(java.lang.String,java.lang.String);
[DF]2019-03-16 10:49:11,326[INFO] org.springframework.web.servlet.mvc.method.annotation.RequestMappingHandlerAdapter.initControllerAdviceCache(534) - Looking for @ControllerAdvice: org.springframework.context.support.GenericApplicationContext@5af3afd9: startup date [Sat Mar 16 10:49:08 CST 2019]; root of context hierarchy;
[DF]2019-03-16 10:49:11,390[INFO] org.springframework.web.servlet.mvc.method.annotation.RequestMappingHandlerAdapter.initControllerAdviceCache(534) - Looking for @ControllerAdvice: org.springframework.context.support.GenericApplicationContext@5af3afd9: startup date [Sat Mar 16 10:49:08 CST 2019]; root of context hierarchy;
[DF]2019-03-16 10:49:11,851[INFO] org.springframework.cache.ehcache.EhCacheManagerFactoryBean.afterPropertiesSet(130) - Initializing EhCache CacheManager;
[DF]2019-03-16 10:49:12,451[INFO] org.quartz.impl.StdSchedulerFactory.instantiate(1208) - Using default implementation for ThreadExecutor;
[DF]2019-03-16 10:49:12,469[INFO] org.quartz.core.SchedulerSignalerImpl.<init>(61) - Initialized Scheduler Signaller of type: class org.quartz.core.SchedulerSignalerImpl;
[DF]2019-03-16 10:49:12,470[INFO] org.quartz.core.QuartzScheduler.<init>(229) - Quartz Scheduler v.2.3.0 created.;
[DF]2019-03-16 10:49:12,471[INFO] org.quartz.simpl.RAMJobStore.initialize(155) - RAMJobStore initialized.;
[DF]2019-03-16 10:49:12,472[INFO] org.quartz.core.QuartzScheduler.initialize(294) - Scheduler meta-data: Quartz Scheduler (v2.3.0) 'org.springframework.scheduling.quartz.SchedulerFactoryBean#0' with instanceId 'NON_CLUSTERED'
  Scheduler class: 'org.quartz.core.QuartzScheduler' - running locally.
  NOT STARTED.
  Currently in standby mode.
  Number of jobs executed: 0
  Using thread pool 'org.quartz.simpl.SimpleThreadPool' - with 10 threads.
  Using job-store 'org.quartz.simpl.RAMJobStore' - which does not support persistence. and is not clustered.
;
[DF]2019-03-16 10:49:12,473[INFO] org.quartz.impl.StdSchedulerFactory.instantiate(1362) - Quartz scheduler 'org.springframework.scheduling.quartz.SchedulerFactoryBean#0' initialized from an externally provided properties instance.;
[DF]2019-03-16 10:49:12,473[INFO] org.quartz.impl.StdSchedulerFactory.instantiate(1366) - Quartz scheduler version: 2.3.0;
[DF]2019-03-16 10:49:12,473[INFO] org.quartz.core.QuartzScheduler.setJobFactory(2287) - JobFactory set to: com.ads.datatask.task.QuartzJobFactory@68e2d03e;
[DF]2019-03-16 10:49:12,549[INFO] org.springframework.context.support.DefaultLifecycleProcessor$LifecycleGroup.start(341) - Starting beans in phase 2147483647;
[DF]2019-03-16 10:49:12,549[INFO] org.springframework.scheduling.quartz.SchedulerFactoryBean.startScheduler(647) - Starting Quartz Scheduler now;
[DF]2019-03-16 10:49:12,550[INFO] org.quartz.core.QuartzScheduler.start(547) - Scheduler org.springframework.scheduling.quartz.SchedulerFactoryBean#0_$_NON_CLUSTERED started.;
[DF]2019-03-16 10:49:30,727[INFO] org.springframework.context.support.AbstractApplicationContext.doClose(987) - Closing org.springframework.context.support.GenericApplicationContext@5af3afd9: startup date [Sat Mar 16 10:49:08 CST 2019]; root of context hierarchy;
[DF]2019-03-16 10:49:30,728[INFO] org.springframework.context.support.DefaultLifecycleProcessor$LifecycleGroup.stop(356) - Stopping beans in phase 2147483647;
[DF]2019-03-16 10:49:30,730[INFO] org.quartz.core.QuartzScheduler.standby(585) - Scheduler org.springframework.scheduling.quartz.SchedulerFactoryBean#0_$_NON_CLUSTERED paused.;
[DF]2019-03-16 10:49:30,730[INFO] org.springframework.scheduling.quartz.SchedulerFactoryBean.destroy(767) - Shutting down Quartz Scheduler;
[DF]2019-03-16 10:49:30,730[INFO] org.quartz.core.QuartzScheduler.shutdown(666) - Scheduler org.springframework.scheduling.quartz.SchedulerFactoryBean#0_$_NON_CLUSTERED shutting down.;
[DF]2019-03-16 10:49:30,731[INFO] org.quartz.core.QuartzScheduler.standby(585) - Scheduler org.springframework.scheduling.quartz.SchedulerFactoryBean#0_$_NON_CLUSTERED paused.;
[DF]2019-03-16 10:49:30,731[INFO] org.quartz.core.QuartzScheduler.shutdown(740) - Scheduler org.springframework.scheduling.quartz.SchedulerFactoryBean#0_$_NON_CLUSTERED shutdown complete.;
[DF]2019-03-16 10:49:30,735[INFO] org.springframework.cache.ehcache.EhCacheManagerFactoryBean.destroy(187) - Shutting down EhCache CacheManager;
[DF]2019-03-16 10:56:05,710[INFO] org.springframework.test.context.support.AbstractTestContextBootstrapper.getDefaultTestExecutionListenerClassNames(260) - Loaded default TestExecutionListener class names from location [META-INF/spring.factories]: [org.springframework.test.context.web.ServletTestExecutionListener, org.springframework.test.context.support.DirtiesContextBeforeModesTestExecutionListener, org.springframework.test.context.support.DependencyInjectionTestExecutionListener, org.springframework.test.context.support.DirtiesContextTestExecutionListener, org.springframework.test.context.transaction.TransactionalTestExecutionListener, org.springframework.test.context.jdbc.SqlScriptsTestExecutionListener];
[DF]2019-03-16 10:56:05,733[INFO] org.springframework.test.context.support.AbstractTestContextBootstrapper.getTestExecutionListeners(187) - Using TestExecutionListeners: [org.springframework.test.context.web.ServletTestExecutionListener@3a883ce7, org.springframework.test.context.support.DirtiesContextBeforeModesTestExecutionListener@4973813a, org.springframework.test.context.support.DependencyInjectionTestExecutionListener@6321e813, org.springframework.test.context.support.DirtiesContextTestExecutionListener@79be0360, org.springframework.test.context.transaction.TransactionalTestExecutionListener@22a67b4, org.springframework.test.context.jdbc.SqlScriptsTestExecutionListener@57855c9a];
[DF]2019-03-16 10:56:05,801[INFO] org.springframework.beans.factory.xml.XmlBeanDefinitionReader.loadBeanDefinitions(317) - Loading XML bean definitions from class path resource [applicationContext.xml];
[DF]2019-03-16 10:56:06,079[INFO] org.springframework.beans.factory.xml.XmlBeanDefinitionReader.loadBeanDefinitions(317) - Loading XML bean definitions from class path resource [spring-httpclient.xml];
[DF]2019-03-16 10:56:06,102[INFO] org.springframework.beans.factory.xml.XmlBeanDefinitionReader.loadBeanDefinitions(317) - Loading XML bean definitions from class path resource [spring-quartz.xml];
[DF]2019-03-16 10:56:06,123[INFO] org.springframework.beans.factory.xml.XmlBeanDefinitionReader.loadBeanDefinitions(317) - Loading XML bean definitions from class path resource [spring-jedis.xml];
[DF]2019-03-16 10:56:06,144[INFO] org.springframework.context.support.AbstractApplicationContext.prepareRefresh(582) - Refreshing org.springframework.context.support.GenericApplicationContext@33c7e1bb: startup date [Sat Mar 16 10:56:06 CST 2019]; root of context hierarchy;
[DF]2019-03-16 10:56:06,352[INFO] org.springframework.core.io.support.PropertiesLoaderSupport.loadProperties(172) - Loading properties file from class path resource [jdbc.properties];
[DF]2019-03-16 10:56:08,136[INFO] org.springframework.orm.hibernate5.HibernateTransactionManager.afterPropertiesSet(357) - Using DataSource [org.apache.commons.dbcp.BasicDataSource@58cbafc2] of Hibernate SessionFactory for HibernateTransactionManager;
[DF]2019-03-16 10:56:08,289[INFO] org.springframework.web.servlet.handler.AbstractHandlerMethodMapping$MappingRegistry.register(543) - Mapped "{[/api/sinaForex]}" onto public java.util.Map<java.lang.String, java.lang.Object> com.ads.controller.ApiController.sinaforex();
[DF]2019-03-16 10:56:08,290[INFO] org.springframework.web.servlet.handler.AbstractHandlerMethodMapping$MappingRegistry.register(543) - Mapped "{[/api/bitkanBTC]}" onto public java.util.Map<java.lang.String, java.lang.Object> com.ads.controller.ApiController.bikanBtc();
[DF]2019-03-16 10:56:08,291[INFO] org.springframework.web.servlet.handler.AbstractHandlerMethodMapping$MappingRegistry.register(543) - Mapped "{[/captcha/send]}" onto public java.util.Map<java.lang.String, java.lang.Object> com.ads.controller.CaptchaController.sendCaptcha(java.lang.String);
[DF]2019-03-16 10:56:08,294[INFO] org.springframework.web.servlet.handler.AbstractHandlerMethodMapping$MappingRegistry.register(543) - Mapped "{[/login]}" onto public java.util.Map<java.lang.String, java.lang.Object> com.ads.controller.LoginController.login(javax.servlet.http.HttpServletRequest,javax.servlet.http.HttpServletResponse);
[DF]2019-03-16 10:56:08,294[INFO] org.springframework.web.servlet.handler.AbstractHandlerMethodMapping$MappingRegistry.register(543) - Mapped "{[/]}" onto public org.springframework.web.servlet.ModelAndView com.ads.controller.LoginController.login(javax.servlet.http.HttpServletRequest,javax.servlet.http.HttpServletResponse,javax.servlet.http.HttpSession);
[DF]2019-03-16 10:56:08,295[INFO] org.springframework.web.servlet.handler.AbstractHandlerMethodMapping$MappingRegistry.register(543) - Mapped "{[/resetPwd]}" onto public java.util.Map com.ads.controller.LoginController.resetPwd(java.lang.String,java.lang.String);
[DF]2019-03-16 10:56:08,295[INFO] org.springframework.web.servlet.handler.AbstractHandlerMethodMapping$MappingRegistry.register(543) - Mapped "{[/resetPwd/sendCaptcha]}" onto public java.util.Map<java.lang.String, java.lang.Object> com.ads.controller.LoginController.sendCaptchaForResetPwd(java.lang.String);
[DF]2019-03-16 10:56:08,299[INFO] org.springframework.web.servlet.handler.AbstractHandlerMethodMapping$MappingRegistry.register(543) - Mapped "{[/register/sendCaptcha]}" onto public java.util.Map<java.lang.String, java.lang.Object> com.ads.controller.RegisterController.sendCaptcha(java.lang.String);
[DF]2019-03-16 10:56:08,299[INFO] org.springframework.web.servlet.handler.AbstractHandlerMethodMapping$MappingRegistry.register(543) - Mapped "{[/register/submit]}" onto public java.util.Map<java.lang.String, java.lang.Object> com.ads.controller.RegisterController.submit(com.ads.entity.LoginInfo,java.lang.String,javax.servlet.http.HttpServletRequest,javax.servlet.http.HttpServletResponse);
[DF]2019-03-16 10:56:08,300[INFO] org.springframework.web.servlet.handler.AbstractHandlerMethodMapping$MappingRegistry.register(543) - Mapped "{[/register/validateCaptcha]}" onto public java.util.Map<java.lang.String, java.lang.Object> com.ads.controller.RegisterController.validateCaptcha(java.lang.String,java.lang.String);
[DF]2019-03-16 10:56:08,568[INFO] org.springframework.web.servlet.mvc.method.annotation.RequestMappingHandlerAdapter.initControllerAdviceCache(534) - Looking for @ControllerAdvice: org.springframework.context.support.GenericApplicationContext@33c7e1bb: startup date [Sat Mar 16 10:56:06 CST 2019]; root of context hierarchy;
[DF]2019-03-16 10:56:08,611[INFO] org.springframework.web.servlet.mvc.method.annotation.RequestMappingHandlerAdapter.initControllerAdviceCache(534) - Looking for @ControllerAdvice: org.springframework.context.support.GenericApplicationContext@33c7e1bb: startup date [Sat Mar 16 10:56:06 CST 2019]; root of context hierarchy;
[DF]2019-03-16 10:56:08,893[INFO] org.springframework.cache.ehcache.EhCacheManagerFactoryBean.afterPropertiesSet(130) - Initializing EhCache CacheManager;
[DF]2019-03-16 10:56:09,445[INFO] org.quartz.impl.StdSchedulerFactory.instantiate(1208) - Using default implementation for ThreadExecutor;
[DF]2019-03-16 10:56:09,466[INFO] org.quartz.core.SchedulerSignalerImpl.<init>(61) - Initialized Scheduler Signaller of type: class org.quartz.core.SchedulerSignalerImpl;
[DF]2019-03-16 10:56:09,466[INFO] org.quartz.core.QuartzScheduler.<init>(229) - Quartz Scheduler v.2.3.0 created.;
[DF]2019-03-16 10:56:09,468[INFO] org.quartz.simpl.RAMJobStore.initialize(155) - RAMJobStore initialized.;
[DF]2019-03-16 10:56:09,469[INFO] org.quartz.core.QuartzScheduler.initialize(294) - Scheduler meta-data: Quartz Scheduler (v2.3.0) 'org.springframework.scheduling.quartz.SchedulerFactoryBean#0' with instanceId 'NON_CLUSTERED'
  Scheduler class: 'org.quartz.core.QuartzScheduler' - running locally.
  NOT STARTED.
  Currently in standby mode.
  Number of jobs executed: 0
  Using thread pool 'org.quartz.simpl.SimpleThreadPool' - with 10 threads.
  Using job-store 'org.quartz.simpl.RAMJobStore' - which does not support persistence. and is not clustered.
;
[DF]2019-03-16 10:56:09,470[INFO] org.quartz.impl.StdSchedulerFactory.instantiate(1362) - Quartz scheduler 'org.springframework.scheduling.quartz.SchedulerFactoryBean#0' initialized from an externally provided properties instance.;
[DF]2019-03-16 10:56:09,470[INFO] org.quartz.impl.StdSchedulerFactory.instantiate(1366) - Quartz scheduler version: 2.3.0;
[DF]2019-03-16 10:56:09,471[INFO] org.quartz.core.QuartzScheduler.setJobFactory(2287) - JobFactory set to: com.ads.datatask.task.QuartzJobFactory@687e4c93;
[DF]2019-03-16 10:56:09,521[INFO] org.springframework.context.support.DefaultLifecycleProcessor$LifecycleGroup.start(341) - Starting beans in phase 2147483647;
[DF]2019-03-16 10:56:09,522[INFO] org.springframework.scheduling.quartz.SchedulerFactoryBean.startScheduler(647) - Starting Quartz Scheduler now;
[DF]2019-03-16 10:56:09,522[INFO] org.quartz.core.QuartzScheduler.start(547) - Scheduler org.springframework.scheduling.quartz.SchedulerFactoryBean#0_$_NON_CLUSTERED started.;
[DF]2019-03-16 10:56:10,410[INFO] com.ads.datatask.impl.DataScanImpl.sinaForex(61) - sinaForexDataScan;
[DF]2019-03-16 10:56:12,333[INFO] org.springframework.test.context.support.AbstractTestContextBootstrapper.getDefaultTestExecutionListenerClassNames(260) - Loaded default TestExecutionListener class names from location [META-INF/spring.factories]: [org.springframework.test.context.web.ServletTestExecutionListener, org.springframework.test.context.support.DirtiesContextBeforeModesTestExecutionListener, org.springframework.test.context.support.DependencyInjectionTestExecutionListener, org.springframework.test.context.support.DirtiesContextTestExecutionListener, org.springframework.test.context.transaction.TransactionalTestExecutionListener, org.springframework.test.context.jdbc.SqlScriptsTestExecutionListener];
[DF]2019-03-16 10:56:12,333[INFO] org.springframework.test.context.support.AbstractTestContextBootstrapper.getTestExecutionListeners(187) - Using TestExecutionListeners: [org.springframework.test.context.web.ServletTestExecutionListener@4aa2877c, org.springframework.test.context.support.DirtiesContextBeforeModesTestExecutionListener@307e4c44, org.springframework.test.context.support.DependencyInjectionTestExecutionListener@2a8a3ada, org.springframework.test.context.support.DirtiesContextTestExecutionListener@500051c5, org.springframework.test.context.transaction.TransactionalTestExecutionListener@ec7b5de, org.springframework.test.context.jdbc.SqlScriptsTestExecutionListener@4c19d42e];
[DF]2019-03-16 10:56:12,338[INFO] org.springframework.test.context.support.AbstractTestContextBootstrapper.getDefaultTestExecutionListenerClassNames(260) - Loaded default TestExecutionListener class names from location [META-INF/spring.factories]: [org.springframework.test.context.web.ServletTestExecutionListener, org.springframework.test.context.support.DirtiesContextBeforeModesTestExecutionListener, org.springframework.test.context.support.DependencyInjectionTestExecutionListener, org.springframework.test.context.support.DirtiesContextTestExecutionListener, org.springframework.test.context.transaction.TransactionalTestExecutionListener, org.springframework.test.context.jdbc.SqlScriptsTestExecutionListener];
[DF]2019-03-16 10:56:12,338[INFO] org.springframework.test.context.support.AbstractTestContextBootstrapper.getTestExecutionListeners(187) - Using TestExecutionListeners: [org.springframework.test.context.web.ServletTestExecutionListener@709f0202, org.springframework.test.context.support.DirtiesContextBeforeModesTestExecutionListener@654e6a90, org.springframework.test.context.support.DependencyInjectionTestExecutionListener@14168e1, org.springframework.test.context.support.DirtiesContextTestExecutionListener@16a5c7e4, org.springframework.test.context.transaction.TransactionalTestExecutionListener@1e225820, org.springframework.test.context.jdbc.SqlScriptsTestExecutionListener@8aeab9e];
[DF]2019-03-16 10:56:12,409[INFO] org.springframework.context.support.AbstractApplicationContext.doClose(987) - Closing org.springframework.context.support.GenericApplicationContext@33c7e1bb: startup date [Sat Mar 16 10:56:06 CST 2019]; root of context hierarchy;
[DF]2019-03-16 10:56:12,410[INFO] org.springframework.context.support.DefaultLifecycleProcessor$LifecycleGroup.stop(356) - Stopping beans in phase 2147483647;
[DF]2019-03-16 10:56:12,411[INFO] org.quartz.core.QuartzScheduler.standby(585) - Scheduler org.springframework.scheduling.quartz.SchedulerFactoryBean#0_$_NON_CLUSTERED paused.;
[DF]2019-03-16 10:56:12,412[INFO] org.springframework.scheduling.quartz.SchedulerFactoryBean.destroy(767) - Shutting down Quartz Scheduler;
[DF]2019-03-16 10:56:12,412[INFO] org.quartz.core.QuartzScheduler.shutdown(666) - Scheduler org.springframework.scheduling.quartz.SchedulerFactoryBean#0_$_NON_CLUSTERED shutting down.;
[DF]2019-03-16 10:56:12,412[INFO] org.quartz.core.QuartzScheduler.standby(585) - Scheduler org.springframework.scheduling.quartz.SchedulerFactoryBean#0_$_NON_CLUSTERED paused.;
[DF]2019-03-16 10:56:12,413[INFO] org.quartz.core.QuartzScheduler.shutdown(740) - Scheduler org.springframework.scheduling.quartz.SchedulerFactoryBean#0_$_NON_CLUSTERED shutdown complete.;
[DF]2019-03-16 10:56:12,416[INFO] org.springframework.cache.ehcache.EhCacheManagerFactoryBean.destroy(187) - Shutting down EhCache CacheManager;
[DF]2019-03-16 11:02:40,507[INFO] org.springframework.test.context.support.AbstractTestContextBootstrapper.getDefaultTestExecutionListenerClassNames(260) - Loaded default TestExecutionListener class names from location [META-INF/spring.factories]: [org.springframework.test.context.web.ServletTestExecutionListener, org.springframework.test.context.support.DirtiesContextBeforeModesTestExecutionListener, org.springframework.test.context.support.DependencyInjectionTestExecutionListener, org.springframework.test.context.support.DirtiesContextTestExecutionListener, org.springframework.test.context.transaction.TransactionalTestExecutionListener, org.springframework.test.context.jdbc.SqlScriptsTestExecutionListener];
[DF]2019-03-16 11:02:40,531[INFO] org.springframework.test.context.support.AbstractTestContextBootstrapper.getTestExecutionListeners(187) - Using TestExecutionListeners: [org.springframework.test.context.web.ServletTestExecutionListener@3a883ce7, org.springframework.test.context.support.DirtiesContextBeforeModesTestExecutionListener@4973813a, org.springframework.test.context.support.DependencyInjectionTestExecutionListener@6321e813, org.springframework.test.context.support.DirtiesContextTestExecutionListener@79be0360, org.springframework.test.context.transaction.TransactionalTestExecutionListener@22a67b4, org.springframework.test.context.jdbc.SqlScriptsTestExecutionListener@57855c9a];
[DF]2019-03-16 11:02:40,608[INFO] org.springframework.beans.factory.xml.XmlBeanDefinitionReader.loadBeanDefinitions(317) - Loading XML bean definitions from class path resource [applicationContext.xml];
[DF]2019-03-16 11:02:40,950[INFO] org.springframework.beans.factory.xml.XmlBeanDefinitionReader.loadBeanDefinitions(317) - Loading XML bean definitions from class path resource [spring-httpclient.xml];
[DF]2019-03-16 11:02:40,977[INFO] org.springframework.beans.factory.xml.XmlBeanDefinitionReader.loadBeanDefinitions(317) - Loading XML bean definitions from class path resource [spring-quartz.xml];
[DF]2019-03-16 11:02:41,001[INFO] org.springframework.beans.factory.xml.XmlBeanDefinitionReader.loadBeanDefinitions(317) - Loading XML bean definitions from class path resource [spring-jedis.xml];
[DF]2019-03-16 11:02:41,028[INFO] org.springframework.context.support.AbstractApplicationContext.prepareRefresh(582) - Refreshing org.springframework.context.support.GenericApplicationContext@33c7e1bb: startup date [Sat Mar 16 11:02:41 CST 2019]; root of context hierarchy;
[DF]2019-03-16 11:02:41,251[INFO] org.springframework.core.io.support.PropertiesLoaderSupport.loadProperties(172) - Loading properties file from class path resource [jdbc.properties];
[DF]2019-03-16 11:02:43,158[INFO] org.springframework.orm.hibernate5.HibernateTransactionManager.afterPropertiesSet(357) - Using DataSource [org.apache.commons.dbcp.BasicDataSource@58cbafc2] of Hibernate SessionFactory for HibernateTransactionManager;
[DF]2019-03-16 11:02:43,299[INFO] org.springframework.web.servlet.handler.AbstractHandlerMethodMapping$MappingRegistry.register(543) - Mapped "{[/api/bitkanBTC]}" onto public java.util.Map<java.lang.String, java.lang.Object> com.ads.controller.ApiController.bikanBtc();
[DF]2019-03-16 11:02:43,300[INFO] org.springframework.web.servlet.handler.AbstractHandlerMethodMapping$MappingRegistry.register(543) - Mapped "{[/api/sinaForex]}" onto public java.util.Map<java.lang.String, java.lang.Object> com.ads.controller.ApiController.sinaforex();
[DF]2019-03-16 11:02:43,301[INFO] org.springframework.web.servlet.handler.AbstractHandlerMethodMapping$MappingRegistry.register(543) - Mapped "{[/captcha/send]}" onto public java.util.Map<java.lang.String, java.lang.Object> com.ads.controller.CaptchaController.sendCaptcha(java.lang.String);
[DF]2019-03-16 11:02:43,303[INFO] org.springframework.web.servlet.handler.AbstractHandlerMethodMapping$MappingRegistry.register(543) - Mapped "{[/login]}" onto public java.util.Map<java.lang.String, java.lang.Object> com.ads.controller.LoginController.login(javax.servlet.http.HttpServletRequest,javax.servlet.http.HttpServletResponse);
[DF]2019-03-16 11:02:43,304[INFO] org.springframework.web.servlet.handler.AbstractHandlerMethodMapping$MappingRegistry.register(543) - Mapped "{[/]}" onto public org.springframework.web.servlet.ModelAndView com.ads.controller.LoginController.login(javax.servlet.http.HttpServletRequest,javax.servlet.http.HttpServletResponse,javax.servlet.http.HttpSession);
[DF]2019-03-16 11:02:43,304[INFO] org.springframework.web.servlet.handler.AbstractHandlerMethodMapping$MappingRegistry.register(543) - Mapped "{[/resetPwd]}" onto public java.util.Map com.ads.controller.LoginController.resetPwd(java.lang.String,java.lang.String);
[DF]2019-03-16 11:02:43,305[INFO] org.springframework.web.servlet.handler.AbstractHandlerMethodMapping$MappingRegistry.register(543) - Mapped "{[/resetPwd/sendCaptcha]}" onto public java.util.Map<java.lang.String, java.lang.Object> com.ads.controller.LoginController.sendCaptchaForResetPwd(java.lang.String);
[DF]2019-03-16 11:02:43,309[INFO] org.springframework.web.servlet.handler.AbstractHandlerMethodMapping$MappingRegistry.register(543) - Mapped "{[/register/submit]}" onto public java.util.Map<java.lang.String, java.lang.Object> com.ads.controller.RegisterController.submit(com.ads.entity.LoginInfo,java.lang.String,javax.servlet.http.HttpServletRequest,javax.servlet.http.HttpServletResponse);
[DF]2019-03-16 11:02:43,309[INFO] org.springframework.web.servlet.handler.AbstractHandlerMethodMapping$MappingRegistry.register(543) - Mapped "{[/register/validateCaptcha]}" onto public java.util.Map<java.lang.String, java.lang.Object> com.ads.controller.RegisterController.validateCaptcha(java.lang.String,java.lang.String);
[DF]2019-03-16 11:02:43,310[INFO] org.springframework.web.servlet.handler.AbstractHandlerMethodMapping$MappingRegistry.register(543) - Mapped "{[/register/sendCaptcha]}" onto public java.util.Map<java.lang.String, java.lang.Object> com.ads.controller.RegisterController.sendCaptcha(java.lang.String);
[DF]2019-03-16 11:02:43,546[INFO] org.springframework.web.servlet.mvc.method.annotation.RequestMappingHandlerAdapter.initControllerAdviceCache(534) - Looking for @ControllerAdvice: org.springframework.context.support.GenericApplicationContext@33c7e1bb: startup date [Sat Mar 16 11:02:41 CST 2019]; root of context hierarchy;
[DF]2019-03-16 11:02:43,584[INFO] org.springframework.web.servlet.mvc.method.annotation.RequestMappingHandlerAdapter.initControllerAdviceCache(534) - Looking for @ControllerAdvice: org.springframework.context.support.GenericApplicationContext@33c7e1bb: startup date [Sat Mar 16 11:02:41 CST 2019]; root of context hierarchy;
[DF]2019-03-16 11:02:43,865[INFO] org.springframework.cache.ehcache.EhCacheManagerFactoryBean.afterPropertiesSet(130) - Initializing EhCache CacheManager;
[DF]2019-03-16 11:02:44,416[INFO] org.quartz.impl.StdSchedulerFactory.instantiate(1208) - Using default implementation for ThreadExecutor;
[DF]2019-03-16 11:02:44,432[INFO] org.quartz.core.SchedulerSignalerImpl.<init>(61) - Initialized Scheduler Signaller of type: class org.quartz.core.SchedulerSignalerImpl;
[DF]2019-03-16 11:02:44,432[INFO] org.quartz.core.QuartzScheduler.<init>(229) - Quartz Scheduler v.2.3.0 created.;
[DF]2019-03-16 11:02:44,433[INFO] org.quartz.simpl.RAMJobStore.initialize(155) - RAMJobStore initialized.;
[DF]2019-03-16 11:02:44,434[INFO] org.quartz.core.QuartzScheduler.initialize(294) - Scheduler meta-data: Quartz Scheduler (v2.3.0) 'org.springframework.scheduling.quartz.SchedulerFactoryBean#0' with instanceId 'NON_CLUSTERED'
  Scheduler class: 'org.quartz.core.QuartzScheduler' - running locally.
  NOT STARTED.
  Currently in standby mode.
  Number of jobs executed: 0
  Using thread pool 'org.quartz.simpl.SimpleThreadPool' - with 10 threads.
  Using job-store 'org.quartz.simpl.RAMJobStore' - which does not support persistence. and is not clustered.
;
[DF]2019-03-16 11:02:44,434[INFO] org.quartz.impl.StdSchedulerFactory.instantiate(1362) - Quartz scheduler 'org.springframework.scheduling.quartz.SchedulerFactoryBean#0' initialized from an externally provided properties instance.;
[DF]2019-03-16 11:02:44,434[INFO] org.quartz.impl.StdSchedulerFactory.instantiate(1366) - Quartz scheduler version: 2.3.0;
[DF]2019-03-16 11:02:44,434[INFO] org.quartz.core.QuartzScheduler.setJobFactory(2287) - JobFactory set to: com.ads.datatask.task.QuartzJobFactory@687e4c93;
[DF]2019-03-16 11:02:44,470[INFO] org.springframework.context.support.DefaultLifecycleProcessor$LifecycleGroup.start(341) - Starting beans in phase 2147483647;
[DF]2019-03-16 11:02:44,471[INFO] org.springframework.scheduling.quartz.SchedulerFactoryBean.startScheduler(647) - Starting Quartz Scheduler now;
[DF]2019-03-16 11:02:44,471[INFO] org.quartz.core.QuartzScheduler.start(547) - Scheduler org.springframework.scheduling.quartz.SchedulerFactoryBean#0_$_NON_CLUSTERED started.;
[DF]2019-03-16 11:02:45,265[INFO] com.ads.datatask.impl.DataScanImpl.sinaForex(61) - sinaForexDataScan;
[DF]2019-03-16 11:02:47,229[INFO] org.springframework.test.context.support.AbstractTestContextBootstrapper.getDefaultTestExecutionListenerClassNames(260) - Loaded default TestExecutionListener class names from location [META-INF/spring.factories]: [org.springframework.test.context.web.ServletTestExecutionListener, org.springframework.test.context.support.DirtiesContextBeforeModesTestExecutionListener, org.springframework.test.context.support.DependencyInjectionTestExecutionListener, org.springframework.test.context.support.DirtiesContextTestExecutionListener, org.springframework.test.context.transaction.TransactionalTestExecutionListener, org.springframework.test.context.jdbc.SqlScriptsTestExecutionListener];
[DF]2019-03-16 11:02:47,229[INFO] org.springframework.test.context.support.AbstractTestContextBootstrapper.getTestExecutionListeners(187) - Using TestExecutionListeners: [org.springframework.test.context.web.ServletTestExecutionListener@4aa2877c, org.springframework.test.context.support.DirtiesContextBeforeModesTestExecutionListener@307e4c44, org.springframework.test.context.support.DependencyInjectionTestExecutionListener@2a8a3ada, org.springframework.test.context.support.DirtiesContextTestExecutionListener@500051c5, org.springframework.test.context.transaction.TransactionalTestExecutionListener@ec7b5de, org.springframework.test.context.jdbc.SqlScriptsTestExecutionListener@4c19d42e];
[DF]2019-03-16 11:02:47,234[INFO] org.springframework.test.context.support.AbstractTestContextBootstrapper.getDefaultTestExecutionListenerClassNames(260) - Loaded default TestExecutionListener class names from location [META-INF/spring.factories]: [org.springframework.test.context.web.ServletTestExecutionListener, org.springframework.test.context.support.DirtiesContextBeforeModesTestExecutionListener, org.springframework.test.context.support.DependencyInjectionTestExecutionListener, org.springframework.test.context.support.DirtiesContextTestExecutionListener, org.springframework.test.context.transaction.TransactionalTestExecutionListener, org.springframework.test.context.jdbc.SqlScriptsTestExecutionListener];
[DF]2019-03-16 11:02:47,235[INFO] org.springframework.test.context.support.AbstractTestContextBootstrapper.getTestExecutionListeners(187) - Using TestExecutionListeners: [org.springframework.test.context.web.ServletTestExecutionListener@709f0202, org.springframework.test.context.support.DirtiesContextBeforeModesTestExecutionListener@654e6a90, org.springframework.test.context.support.DependencyInjectionTestExecutionListener@14168e1, org.springframework.test.context.support.DirtiesContextTestExecutionListener@16a5c7e4, org.springframework.test.context.transaction.TransactionalTestExecutionListener@1e225820, org.springframework.test.context.jdbc.SqlScriptsTestExecutionListener@8aeab9e];
[DF]2019-03-16 11:02:47,286[INFO] org.springframework.context.support.AbstractApplicationContext.doClose(987) - Closing org.springframework.context.support.GenericApplicationContext@33c7e1bb: startup date [Sat Mar 16 11:02:41 CST 2019]; root of context hierarchy;
[DF]2019-03-16 11:02:47,287[INFO] org.springframework.context.support.DefaultLifecycleProcessor$LifecycleGroup.stop(356) - Stopping beans in phase 2147483647;
[DF]2019-03-16 11:02:47,288[INFO] org.quartz.core.QuartzScheduler.standby(585) - Scheduler org.springframework.scheduling.quartz.SchedulerFactoryBean#0_$_NON_CLUSTERED paused.;
[DF]2019-03-16 11:02:47,289[INFO] org.springframework.scheduling.quartz.SchedulerFactoryBean.destroy(767) - Shutting down Quartz Scheduler;
[DF]2019-03-16 11:02:47,289[INFO] org.quartz.core.QuartzScheduler.shutdown(666) - Scheduler org.springframework.scheduling.quartz.SchedulerFactoryBean#0_$_NON_CLUSTERED shutting down.;
[DF]2019-03-16 11:02:47,289[INFO] org.quartz.core.QuartzScheduler.standby(585) - Scheduler org.springframework.scheduling.quartz.SchedulerFactoryBean#0_$_NON_CLUSTERED paused.;
[DF]2019-03-16 11:02:47,290[INFO] org.quartz.core.QuartzScheduler.shutdown(740) - Scheduler org.springframework.scheduling.quartz.SchedulerFactoryBean#0_$_NON_CLUSTERED shutdown complete.;
[DF]2019-03-16 11:02:47,293[INFO] org.springframework.cache.ehcache.EhCacheManagerFactoryBean.destroy(187) - Shutting down EhCache CacheManager;
[DF]2019-03-16 11:22:00,985[INFO] org.springframework.test.context.support.AbstractTestContextBootstrapper.getDefaultTestExecutionListenerClassNames(260) - Loaded default TestExecutionListener class names from location [META-INF/spring.factories]: [org.springframework.test.context.web.ServletTestExecutionListener, org.springframework.test.context.support.DirtiesContextBeforeModesTestExecutionListener, org.springframework.test.context.support.DependencyInjectionTestExecutionListener, org.springframework.test.context.support.DirtiesContextTestExecutionListener, org.springframework.test.context.transaction.TransactionalTestExecutionListener, org.springframework.test.context.jdbc.SqlScriptsTestExecutionListener];
[DF]2019-03-16 11:22:01,038[INFO] org.springframework.test.context.support.AbstractTestContextBootstrapper.getTestExecutionListeners(187) - Using TestExecutionListeners: [org.springframework.test.context.web.ServletTestExecutionListener@3a883ce7, org.springframework.test.context.support.DirtiesContextBeforeModesTestExecutionListener@4973813a, org.springframework.test.context.support.DependencyInjectionTestExecutionListener@6321e813, org.springframework.test.context.support.DirtiesContextTestExecutionListener@79be0360, org.springframework.test.context.transaction.TransactionalTestExecutionListener@22a67b4, org.springframework.test.context.jdbc.SqlScriptsTestExecutionListener@57855c9a];
[DF]2019-03-16 11:22:01,147[INFO] org.springframework.beans.factory.xml.XmlBeanDefinitionReader.loadBeanDefinitions(317) - Loading XML bean definitions from class path resource [applicationContext.xml];
[DF]2019-03-16 11:22:01,691[INFO] org.springframework.beans.factory.xml.XmlBeanDefinitionReader.loadBeanDefinitions(317) - Loading XML bean definitions from class path resource [spring-httpclient.xml];
[DF]2019-03-16 11:22:01,730[INFO] org.springframework.beans.factory.xml.XmlBeanDefinitionReader.loadBeanDefinitions(317) - Loading XML bean definitions from class path resource [spring-quartz.xml];
[DF]2019-03-16 11:22:01,765[INFO] org.springframework.beans.factory.xml.XmlBeanDefinitionReader.loadBeanDefinitions(317) - Loading XML bean definitions from class path resource [spring-jedis.xml];
[DF]2019-03-16 11:22:01,800[INFO] org.springframework.context.support.AbstractApplicationContext.prepareRefresh(582) - Refreshing org.springframework.context.support.GenericApplicationContext@33c7e1bb: startup date [Sat Mar 16 11:22:01 CST 2019]; root of context hierarchy;
[DF]2019-03-16 11:22:02,196[INFO] org.springframework.core.io.support.PropertiesLoaderSupport.loadProperties(172) - Loading properties file from class path resource [jdbc.properties];
[DF]2019-03-16 11:22:04,691[INFO] org.springframework.orm.hibernate5.HibernateTransactionManager.afterPropertiesSet(357) - Using DataSource [org.apache.commons.dbcp.BasicDataSource@58cbafc2] of Hibernate SessionFactory for HibernateTransactionManager;
[DF]2019-03-16 11:22:04,938[INFO] org.springframework.web.servlet.handler.AbstractHandlerMethodMapping$MappingRegistry.register(543) - Mapped "{[/api/bitkanBTC]}" onto public java.util.Map<java.lang.String, java.lang.Object> com.ads.controller.ApiController.bikanBtc();
[DF]2019-03-16 11:22:04,940[INFO] org.springframework.web.servlet.handler.AbstractHandlerMethodMapping$MappingRegistry.register(543) - Mapped "{[/api/sinaForex]}" onto public java.util.Map<java.lang.String, java.lang.Object> com.ads.controller.ApiController.sinaforex();
[DF]2019-03-16 11:22:04,943[INFO] org.springframework.web.servlet.handler.AbstractHandlerMethodMapping$MappingRegistry.register(543) - Mapped "{[/captcha/send]}" onto public java.util.Map<java.lang.String, java.lang.Object> com.ads.controller.CaptchaController.sendCaptcha(java.lang.String);
[DF]2019-03-16 11:22:04,948[INFO] org.springframework.web.servlet.handler.AbstractHandlerMethodMapping$MappingRegistry.register(543) - Mapped "{[/login]}" onto public java.util.Map<java.lang.String, java.lang.Object> com.ads.controller.LoginController.login(javax.servlet.http.HttpServletRequest,javax.servlet.http.HttpServletResponse);
[DF]2019-03-16 11:22:04,949[INFO] org.springframework.web.servlet.handler.AbstractHandlerMethodMapping$MappingRegistry.register(543) - Mapped "{[/]}" onto public org.springframework.web.servlet.ModelAndView com.ads.controller.LoginController.login(javax.servlet.http.HttpServletRequest,javax.servlet.http.HttpServletResponse,javax.servlet.http.HttpSession);
[DF]2019-03-16 11:22:04,949[INFO] org.springframework.web.servlet.handler.AbstractHandlerMethodMapping$MappingRegistry.register(543) - Mapped "{[/resetPwd]}" onto public java.util.Map com.ads.controller.LoginController.resetPwd(java.lang.String,java.lang.String);
[DF]2019-03-16 11:22:04,953[INFO] org.springframework.web.servlet.handler.AbstractHandlerMethodMapping$MappingRegistry.register(543) - Mapped "{[/resetPwd/sendCaptcha]}" onto public java.util.Map<java.lang.String, java.lang.Object> com.ads.controller.LoginController.sendCaptchaForResetPwd(java.lang.String);
[DF]2019-03-16 11:22:04,959[INFO] org.springframework.web.servlet.handler.AbstractHandlerMethodMapping$MappingRegistry.register(543) - Mapped "{[/register/sendCaptcha]}" onto public java.util.Map<java.lang.String, java.lang.Object> com.ads.controller.RegisterController.sendCaptcha(java.lang.String);
[DF]2019-03-16 11:22:04,960[INFO] org.springframework.web.servlet.handler.AbstractHandlerMethodMapping$MappingRegistry.register(543) - Mapped "{[/register/submit]}" onto public java.util.Map<java.lang.String, java.lang.Object> com.ads.controller.RegisterController.submit(com.ads.entity.LoginInfo,java.lang.String,javax.servlet.http.HttpServletRequest,javax.servlet.http.HttpServletResponse);
[DF]2019-03-16 11:22:04,961[INFO] org.springframework.web.servlet.handler.AbstractHandlerMethodMapping$MappingRegistry.register(543) - Mapped "{[/register/validateCaptcha]}" onto public java.util.Map<java.lang.String, java.lang.Object> com.ads.controller.RegisterController.validateCaptcha(java.lang.String,java.lang.String);
[DF]2019-03-16 11:22:05,307[INFO] org.springframework.web.servlet.mvc.method.annotation.RequestMappingHandlerAdapter.initControllerAdviceCache(534) - Looking for @ControllerAdvice: org.springframework.context.support.GenericApplicationContext@33c7e1bb: startup date [Sat Mar 16 11:22:01 CST 2019]; root of context hierarchy;
[DF]2019-03-16 11:22:05,356[INFO] org.springframework.web.servlet.mvc.method.annotation.RequestMappingHandlerAdapter.initControllerAdviceCache(534) - Looking for @ControllerAdvice: org.springframework.context.support.GenericApplicationContext@33c7e1bb: startup date [Sat Mar 16 11:22:01 CST 2019]; root of context hierarchy;
[DF]2019-03-16 11:22:05,707[INFO] org.springframework.cache.ehcache.EhCacheManagerFactoryBean.afterPropertiesSet(130) - Initializing EhCache CacheManager;
[DF]2019-03-16 11:22:06,360[INFO] org.quartz.impl.StdSchedulerFactory.instantiate(1208) - Using default implementation for ThreadExecutor;
[DF]2019-03-16 11:22:06,390[INFO] org.quartz.core.SchedulerSignalerImpl.<init>(61) - Initialized Scheduler Signaller of type: class org.quartz.core.SchedulerSignalerImpl;
[DF]2019-03-16 11:22:06,390[INFO] org.quartz.core.QuartzScheduler.<init>(229) - Quartz Scheduler v.2.3.0 created.;
[DF]2019-03-16 11:22:06,394[INFO] org.quartz.simpl.RAMJobStore.initialize(155) - RAMJobStore initialized.;
[DF]2019-03-16 11:22:06,396[INFO] org.quartz.core.QuartzScheduler.initialize(294) - Scheduler meta-data: Quartz Scheduler (v2.3.0) 'org.springframework.scheduling.quartz.SchedulerFactoryBean#0' with instanceId 'NON_CLUSTERED'
  Scheduler class: 'org.quartz.core.QuartzScheduler' - running locally.
  NOT STARTED.
  Currently in standby mode.
  Number of jobs executed: 0
  Using thread pool 'org.quartz.simpl.SimpleThreadPool' - with 10 threads.
  Using job-store 'org.quartz.simpl.RAMJobStore' - which does not support persistence. and is not clustered.
;
[DF]2019-03-16 11:22:06,398[INFO] org.quartz.impl.StdSchedulerFactory.instantiate(1362) - Quartz scheduler 'org.springframework.scheduling.quartz.SchedulerFactoryBean#0' initialized from an externally provided properties instance.;
[DF]2019-03-16 11:22:06,398[INFO] org.quartz.impl.StdSchedulerFactory.instantiate(1366) - Quartz scheduler version: 2.3.0;
[DF]2019-03-16 11:22:06,399[INFO] org.quartz.core.QuartzScheduler.setJobFactory(2287) - JobFactory set to: com.ads.datatask.task.QuartzJobFactory@687e4c93;
[DF]2019-03-16 11:22:06,450[INFO] org.springframework.context.support.DefaultLifecycleProcessor$LifecycleGroup.start(341) - Starting beans in phase 2147483647;
[DF]2019-03-16 11:22:06,450[INFO] org.springframework.scheduling.quartz.SchedulerFactoryBean.startScheduler(647) - Starting Quartz Scheduler now;
[DF]2019-03-16 11:22:06,451[INFO] org.quartz.core.QuartzScheduler.start(547) - Scheduler org.springframework.scheduling.quartz.SchedulerFactoryBean#0_$_NON_CLUSTERED started.;
[DF]2019-03-16 11:22:08,969[INFO] org.springframework.test.context.support.AbstractTestContextBootstrapper.getDefaultTestExecutionListenerClassNames(260) - Loaded default TestExecutionListener class names from location [META-INF/spring.factories]: [org.springframework.test.context.web.ServletTestExecutionListener, org.springframework.test.context.support.DirtiesContextBeforeModesTestExecutionListener, org.springframework.test.context.support.DependencyInjectionTestExecutionListener, org.springframework.test.context.support.DirtiesContextTestExecutionListener, org.springframework.test.context.transaction.TransactionalTestExecutionListener, org.springframework.test.context.jdbc.SqlScriptsTestExecutionListener];
[DF]2019-03-16 11:22:08,970[INFO] org.springframework.test.context.support.AbstractTestContextBootstrapper.getTestExecutionListeners(187) - Using TestExecutionListeners: [org.springframework.test.context.web.ServletTestExecutionListener@554188ac, org.springframework.test.context.support.DirtiesContextBeforeModesTestExecutionListener@1f43cab7, org.springframework.test.context.support.DependencyInjectionTestExecutionListener@481558ce, org.springframework.test.context.support.DirtiesContextTestExecutionListener@2668c286, org.springframework.test.context.transaction.TransactionalTestExecutionListener@7f353a0f, org.springframework.test.context.jdbc.SqlScriptsTestExecutionListener@7ea2412c];
[DF]2019-03-16 11:22:08,976[INFO] org.springframework.test.context.support.AbstractTestContextBootstrapper.getDefaultTestExecutionListenerClassNames(260) - Loaded default TestExecutionListener class names from location [META-INF/spring.factories]: [org.springframework.test.context.web.ServletTestExecutionListener, org.springframework.test.context.support.DirtiesContextBeforeModesTestExecutionListener, org.springframework.test.context.support.DependencyInjectionTestExecutionListener, org.springframework.test.context.support.DirtiesContextTestExecutionListener, org.springframework.test.context.transaction.TransactionalTestExecutionListener, org.springframework.test.context.jdbc.SqlScriptsTestExecutionListener];
[DF]2019-03-16 11:22:08,977[INFO] org.springframework.test.context.support.AbstractTestContextBootstrapper.getTestExecutionListeners(187) - Using TestExecutionListeners: [org.springframework.test.context.web.ServletTestExecutionListener@4c82b5df, org.springframework.test.context.support.DirtiesContextBeforeModesTestExecutionListener@67eec8e1, org.springframework.test.context.support.DependencyInjectionTestExecutionListener@4214ae8f, org.springframework.test.context.support.DirtiesContextTestExecutionListener@7ba93755, org.springframework.test.context.transaction.TransactionalTestExecutionListener@22dc59b2, org.springframework.test.context.jdbc.SqlScriptsTestExecutionListener@33e434c8];
[DF]2019-03-16 11:22:09,160[INFO] org.springframework.context.support.AbstractApplicationContext.doClose(987) - Closing org.springframework.context.support.GenericApplicationContext@33c7e1bb: startup date [Sat Mar 16 11:22:01 CST 2019]; root of context hierarchy;
[DF]2019-03-16 11:22:09,161[INFO] org.springframework.context.support.DefaultLifecycleProcessor$LifecycleGroup.stop(356) - Stopping beans in phase 2147483647;
[DF]2019-03-16 11:22:09,162[INFO] org.quartz.core.QuartzScheduler.standby(585) - Scheduler org.springframework.scheduling.quartz.SchedulerFactoryBean#0_$_NON_CLUSTERED paused.;
[DF]2019-03-16 11:22:09,163[INFO] org.springframework.scheduling.quartz.SchedulerFactoryBean.destroy(767) - Shutting down Quartz Scheduler;
[DF]2019-03-16 11:22:09,163[INFO] org.quartz.core.QuartzScheduler.shutdown(666) - Scheduler org.springframework.scheduling.quartz.SchedulerFactoryBean#0_$_NON_CLUSTERED shutting down.;
[DF]2019-03-16 11:22:09,163[INFO] org.quartz.core.QuartzScheduler.standby(585) - Scheduler org.springframework.scheduling.quartz.SchedulerFactoryBean#0_$_NON_CLUSTERED paused.;
[DF]2019-03-16 11:22:09,164[INFO] org.quartz.core.QuartzScheduler.shutdown(740) - Scheduler org.springframework.scheduling.quartz.SchedulerFactoryBean#0_$_NON_CLUSTERED shutdown complete.;
[DF]2019-03-16 11:22:09,167[INFO] org.springframework.cache.ehcache.EhCacheManagerFactoryBean.destroy(187) - Shutting down EhCache CacheManager;
[DF]2019-03-16 12:00:34,097[INFO] org.springframework.test.context.support.AbstractTestContextBootstrapper.getDefaultTestExecutionListenerClassNames(260) - Loaded default TestExecutionListener class names from location [META-INF/spring.factories]: [org.springframework.test.context.web.ServletTestExecutionListener, org.springframework.test.context.support.DirtiesContextBeforeModesTestExecutionListener, org.springframework.test.context.support.DependencyInjectionTestExecutionListener, org.springframework.test.context.support.DirtiesContextTestExecutionListener, org.springframework.test.context.transaction.TransactionalTestExecutionListener, org.springframework.test.context.jdbc.SqlScriptsTestExecutionListener];
[DF]2019-03-16 12:00:34,113[INFO] org.springframework.test.context.support.AbstractTestContextBootstrapper.getTestExecutionListeners(187) - Using TestExecutionListeners: [org.springframework.test.context.web.ServletTestExecutionListener@3a883ce7, org.springframework.test.context.support.DirtiesContextBeforeModesTestExecutionListener@4973813a, org.springframework.test.context.support.DependencyInjectionTestExecutionListener@6321e813, org.springframework.test.context.support.DirtiesContextTestExecutionListener@79be0360, org.springframework.test.context.transaction.TransactionalTestExecutionListener@22a67b4, org.springframework.test.context.jdbc.SqlScriptsTestExecutionListener@57855c9a];
[DF]2019-03-16 12:00:34,174[INFO] org.springframework.beans.factory.xml.XmlBeanDefinitionReader.loadBeanDefinitions(317) - Loading XML bean definitions from class path resource [applicationContext.xml];
[DF]2019-03-16 12:00:34,435[INFO] org.springframework.beans.factory.xml.XmlBeanDefinitionReader.loadBeanDefinitions(317) - Loading XML bean definitions from class path resource [spring-httpclient.xml];
[DF]2019-03-16 12:00:34,455[INFO] org.springframework.beans.factory.xml.XmlBeanDefinitionReader.loadBeanDefinitions(317) - Loading XML bean definitions from class path resource [spring-quartz.xml];
[DF]2019-03-16 12:00:34,472[INFO] org.springframework.beans.factory.xml.XmlBeanDefinitionReader.loadBeanDefinitions(317) - Loading XML bean definitions from class path resource [spring-jedis.xml];
[DF]2019-03-16 12:00:34,488[INFO] org.springframework.context.support.AbstractApplicationContext.prepareRefresh(582) - Refreshing org.springframework.context.support.GenericApplicationContext@33c7e1bb: startup date [Sat Mar 16 12:00:34 CST 2019]; root of context hierarchy;
[DF]2019-03-16 12:00:34,679[INFO] org.springframework.core.io.support.PropertiesLoaderSupport.loadProperties(172) - Loading properties file from class path resource [jdbc.properties];
[DF]2019-03-16 12:00:36,611[INFO] org.springframework.orm.hibernate5.HibernateTransactionManager.afterPropertiesSet(357) - Using DataSource [org.apache.commons.dbcp.BasicDataSource@58cbafc2] of Hibernate SessionFactory for HibernateTransactionManager;
[DF]2019-03-16 12:00:36,770[INFO] org.springframework.web.servlet.handler.AbstractHandlerMethodMapping$MappingRegistry.register(543) - Mapped "{[/api/sinaForex]}" onto public java.util.Map<java.lang.String, java.lang.Object> com.ads.controller.ApiController.sinaforex();
[DF]2019-03-16 12:00:36,772[INFO] org.springframework.web.servlet.handler.AbstractHandlerMethodMapping$MappingRegistry.register(543) - Mapped "{[/api/bitkanBTC]}" onto public java.util.Map<java.lang.String, java.lang.Object> com.ads.controller.ApiController.bikanBtc();
[DF]2019-03-16 12:00:36,773[INFO] org.springframework.web.servlet.handler.AbstractHandlerMethodMapping$MappingRegistry.register(543) - Mapped "{[/captcha/send]}" onto public java.util.Map<java.lang.String, java.lang.Object> com.ads.controller.CaptchaController.sendCaptcha(java.lang.String);
[DF]2019-03-16 12:00:36,776[INFO] org.springframework.web.servlet.handler.AbstractHandlerMethodMapping$MappingRegistry.register(543) - Mapped "{[/login]}" onto public java.util.Map<java.lang.String, java.lang.Object> com.ads.controller.LoginController.login(javax.servlet.http.HttpServletRequest,javax.servlet.http.HttpServletResponse);
[DF]2019-03-16 12:00:36,777[INFO] org.springframework.web.servlet.handler.AbstractHandlerMethodMapping$MappingRegistry.register(543) - Mapped "{[/]}" onto public org.springframework.web.servlet.ModelAndView com.ads.controller.LoginController.login(javax.servlet.http.HttpServletRequest,javax.servlet.http.HttpServletResponse,javax.servlet.http.HttpSession);
[DF]2019-03-16 12:00:36,778[INFO] org.springframework.web.servlet.handler.AbstractHandlerMethodMapping$MappingRegistry.register(543) - Mapped "{[/resetPwd]}" onto public java.util.Map com.ads.controller.LoginController.resetPwd(java.lang.String,java.lang.String);
[DF]2019-03-16 12:00:36,778[INFO] org.springframework.web.servlet.handler.AbstractHandlerMethodMapping$MappingRegistry.register(543) - Mapped "{[/resetPwd/sendCaptcha]}" onto public java.util.Map<java.lang.String, java.lang.Object> com.ads.controller.LoginController.sendCaptchaForResetPwd(java.lang.String);
[DF]2019-03-16 12:00:36,782[INFO] org.springframework.web.servlet.handler.AbstractHandlerMethodMapping$MappingRegistry.register(543) - Mapped "{[/register/sendCaptcha]}" onto public java.util.Map<java.lang.String, java.lang.Object> com.ads.controller.RegisterController.sendCaptcha(java.lang.String);
[DF]2019-03-16 12:00:36,783[INFO] org.springframework.web.servlet.handler.AbstractHandlerMethodMapping$MappingRegistry.register(543) - Mapped "{[/register/submit]}" onto public java.util.Map<java.lang.String, java.lang.Object> com.ads.controller.RegisterController.submit(com.ads.entity.LoginInfo,java.lang.String,javax.servlet.http.HttpServletRequest,javax.servlet.http.HttpServletResponse);
[DF]2019-03-16 12:00:36,783[INFO] org.springframework.web.servlet.handler.AbstractHandlerMethodMapping$MappingRegistry.register(543) - Mapped "{[/register/validateCaptcha]}" onto public java.util.Map<java.lang.String, java.lang.Object> com.ads.controller.RegisterController.validateCaptcha(java.lang.String,java.lang.String);
[DF]2019-03-16 12:00:37,056[INFO] org.springframework.web.servlet.mvc.method.annotation.RequestMappingHandlerAdapter.initControllerAdviceCache(534) - Looking for @ControllerAdvice: org.springframework.context.support.GenericApplicationContext@33c7e1bb: startup date [Sat Mar 16 12:00:34 CST 2019]; root of context hierarchy;
[DF]2019-03-16 12:00:37,098[INFO] org.springframework.web.servlet.mvc.method.annotation.RequestMappingHandlerAdapter.initControllerAdviceCache(534) - Looking for @ControllerAdvice: org.springframework.context.support.GenericApplicationContext@33c7e1bb: startup date [Sat Mar 16 12:00:34 CST 2019]; root of context hierarchy;
[DF]2019-03-16 12:00:37,396[INFO] org.springframework.cache.ehcache.EhCacheManagerFactoryBean.afterPropertiesSet(130) - Initializing EhCache CacheManager;
[DF]2019-03-16 12:00:37,904[INFO] org.quartz.impl.StdSchedulerFactory.instantiate(1208) - Using default implementation for ThreadExecutor;
[DF]2019-03-16 12:00:37,920[INFO] org.quartz.core.SchedulerSignalerImpl.<init>(61) - Initialized Scheduler Signaller of type: class org.quartz.core.SchedulerSignalerImpl;
[DF]2019-03-16 12:00:37,920[INFO] org.quartz.core.QuartzScheduler.<init>(229) - Quartz Scheduler v.2.3.0 created.;
[DF]2019-03-16 12:00:37,921[INFO] org.quartz.simpl.RAMJobStore.initialize(155) - RAMJobStore initialized.;
[DF]2019-03-16 12:00:37,922[INFO] org.quartz.core.QuartzScheduler.initialize(294) - Scheduler meta-data: Quartz Scheduler (v2.3.0) 'org.springframework.scheduling.quartz.SchedulerFactoryBean#0' with instanceId 'NON_CLUSTERED'
  Scheduler class: 'org.quartz.core.QuartzScheduler' - running locally.
  NOT STARTED.
  Currently in standby mode.
  Number of jobs executed: 0
  Using thread pool 'org.quartz.simpl.SimpleThreadPool' - with 10 threads.
  Using job-store 'org.quartz.simpl.RAMJobStore' - which does not support persistence. and is not clustered.
;
[DF]2019-03-16 12:00:37,923[INFO] org.quartz.impl.StdSchedulerFactory.instantiate(1362) - Quartz scheduler 'org.springframework.scheduling.quartz.SchedulerFactoryBean#0' initialized from an externally provided properties instance.;
[DF]2019-03-16 12:00:37,923[INFO] org.quartz.impl.StdSchedulerFactory.instantiate(1366) - Quartz scheduler version: 2.3.0;
[DF]2019-03-16 12:00:37,923[INFO] org.quartz.core.QuartzScheduler.setJobFactory(2287) - JobFactory set to: com.ads.datatask.task.QuartzJobFactory@687e4c93;
[DF]2019-03-16 12:00:37,956[INFO] org.springframework.context.support.DefaultLifecycleProcessor$LifecycleGroup.start(341) - Starting beans in phase 2147483647;
[DF]2019-03-16 12:00:37,956[INFO] org.springframework.scheduling.quartz.SchedulerFactoryBean.startScheduler(647) - Starting Quartz Scheduler now;
[DF]2019-03-16 12:00:37,957[INFO] org.quartz.core.QuartzScheduler.start(547) - Scheduler org.springframework.scheduling.quartz.SchedulerFactoryBean#0_$_NON_CLUSTERED started.;
[DF]2019-03-16 12:00:39,691[INFO] com.ads.datatask.impl.DataScanImpl.sinaForex(61) - sinaForexDataScan;
[DF]2019-03-16 12:00:41,265[INFO] org.springframework.test.context.support.AbstractTestContextBootstrapper.getDefaultTestExecutionListenerClassNames(260) - Loaded default TestExecutionListener class names from location [META-INF/spring.factories]: [org.springframework.test.context.web.ServletTestExecutionListener, org.springframework.test.context.support.DirtiesContextBeforeModesTestExecutionListener, org.springframework.test.context.support.DependencyInjectionTestExecutionListener, org.springframework.test.context.support.DirtiesContextTestExecutionListener, org.springframework.test.context.transaction.TransactionalTestExecutionListener, org.springframework.test.context.jdbc.SqlScriptsTestExecutionListener];
[DF]2019-03-16 12:00:41,266[INFO] org.springframework.test.context.support.AbstractTestContextBootstrapper.getTestExecutionListeners(187) - Using TestExecutionListeners: [org.springframework.test.context.web.ServletTestExecutionListener@6ddee60f, org.springframework.test.context.support.DirtiesContextBeforeModesTestExecutionListener@6e829e50, org.springframework.test.context.support.DependencyInjectionTestExecutionListener@4aa2877c, org.springframework.test.context.support.DirtiesContextTestExecutionListener@307e4c44, org.springframework.test.context.transaction.TransactionalTestExecutionListener@2a8a3ada, org.springframework.test.context.jdbc.SqlScriptsTestExecutionListener@500051c5];
[DF]2019-03-16 12:00:41,271[INFO] org.springframework.test.context.support.AbstractTestContextBootstrapper.getDefaultTestExecutionListenerClassNames(260) - Loaded default TestExecutionListener class names from location [META-INF/spring.factories]: [org.springframework.test.context.web.ServletTestExecutionListener, org.springframework.test.context.support.DirtiesContextBeforeModesTestExecutionListener, org.springframework.test.context.support.DependencyInjectionTestExecutionListener, org.springframework.test.context.support.DirtiesContextTestExecutionListener, org.springframework.test.context.transaction.TransactionalTestExecutionListener, org.springframework.test.context.jdbc.SqlScriptsTestExecutionListener];
[DF]2019-03-16 12:00:41,272[INFO] org.springframework.test.context.support.AbstractTestContextBootstrapper.getTestExecutionListeners(187) - Using TestExecutionListeners: [org.springframework.test.context.web.ServletTestExecutionListener@70029d2d, org.springframework.test.context.support.DirtiesContextBeforeModesTestExecutionListener@1150d471, org.springframework.test.context.support.DependencyInjectionTestExecutionListener@709f0202, org.springframework.test.context.support.DirtiesContextTestExecutionListener@654e6a90, org.springframework.test.context.transaction.TransactionalTestExecutionListener@14168e1, org.springframework.test.context.jdbc.SqlScriptsTestExecutionListener@16a5c7e4];
[DF]2019-03-16 12:00:41,318[INFO] org.springframework.context.support.AbstractApplicationContext.doClose(987) - Closing org.springframework.context.support.GenericApplicationContext@33c7e1bb: startup date [Sat Mar 16 12:00:34 CST 2019]; root of context hierarchy;
[DF]2019-03-16 12:00:41,320[INFO] org.springframework.context.support.DefaultLifecycleProcessor$LifecycleGroup.stop(356) - Stopping beans in phase 2147483647;
[DF]2019-03-16 12:00:41,321[INFO] org.quartz.core.QuartzScheduler.standby(585) - Scheduler org.springframework.scheduling.quartz.SchedulerFactoryBean#0_$_NON_CLUSTERED paused.;
[DF]2019-03-16 12:00:41,321[INFO] org.springframework.scheduling.quartz.SchedulerFactoryBean.destroy(767) - Shutting down Quartz Scheduler;
[DF]2019-03-16 12:00:41,321[INFO] org.quartz.core.QuartzScheduler.shutdown(666) - Scheduler org.springframework.scheduling.quartz.SchedulerFactoryBean#0_$_NON_CLUSTERED shutting down.;
[DF]2019-03-16 12:00:41,322[INFO] org.quartz.core.QuartzScheduler.standby(585) - Scheduler org.springframework.scheduling.quartz.SchedulerFactoryBean#0_$_NON_CLUSTERED paused.;
[DF]2019-03-16 12:00:41,322[INFO] org.quartz.core.QuartzScheduler.shutdown(740) - Scheduler org.springframework.scheduling.quartz.SchedulerFactoryBean#0_$_NON_CLUSTERED shutdown complete.;
[DF]2019-03-16 12:00:41,325[INFO] org.springframework.cache.ehcache.EhCacheManagerFactoryBean.destroy(187) - Shutting down EhCache CacheManager;
[DF]2019-03-16 12:00:41,325[INFO] org.apache.http.impl.execchain.RetryExec.execute(97) - I/O exception (java.io.IOException) caught when processing request to {s}->https://tvc4.forexpros.com:443: Stream closed.;
[DF]2019-03-16 12:00:41,326[INFO] org.apache.http.impl.execchain.RetryExec.execute(113) - Retrying request to {s}->https://tvc4.forexpros.com:443;
[DF]2019-03-16 12:00:41,328[ERROR] org.quartz.core.JobRunShell.run(211) - Job DEFAULT.bikanTaskJob threw an unhandled Exception: ;
java.lang.NullPointerException
	at com.ads.common.http.HttpClientUtil.doGet(HttpClientUtil.java:92)
	at com.ads.datatask.impl.DataScanImpl.bitkanBTC(DataScanImpl.java:73)
	at com.ads.datatask.task.BikanBtcTask.executeInternal(BikanBtcTask.java:21)
	at org.springframework.scheduling.quartz.QuartzJobBean.execute(QuartzJobBean.java:75)
	at org.quartz.core.JobRunShell.run(JobRunShell.java:202)
	at org.quartz.simpl.SimpleThreadPool$WorkerThread.run(SimpleThreadPool.java:573)
[DF]2019-03-16 12:00:41,330[ERROR] org.quartz.core.ErrorLogger.schedulerError(2401) - Job (DEFAULT.bikanTaskJob threw an exception.;
org.quartz.SchedulerException: Job threw an unhandled exception. [See nested exception: java.lang.NullPointerException]
	at org.quartz.core.JobRunShell.run(JobRunShell.java:213)
	at org.quartz.simpl.SimpleThreadPool$WorkerThread.run(SimpleThreadPool.java:573)
Caused by: java.lang.NullPointerException
	at com.ads.common.http.HttpClientUtil.doGet(HttpClientUtil.java:92)
	at com.ads.datatask.impl.DataScanImpl.bitkanBTC(DataScanImpl.java:73)
	at com.ads.datatask.task.BikanBtcTask.executeInternal(BikanBtcTask.java:21)
	at org.springframework.scheduling.quartz.QuartzJobBean.execute(QuartzJobBean.java:75)
	at org.quartz.core.JobRunShell.run(JobRunShell.java:202)
	... 1 more
